# JRE version: OpenJDK Runtime Environment Temurin-21.0.6+7 (21.0.6+7) (build 21.0.6+7-LTS)
# Java VM: OpenJDK 64-Bit Server VM Temurin-21.0.6+7 (21.0.6+7-LTS, mixed mode, sharing, tiered, compressed oops, compressed class ptrs, parallel gc, windows-amd64)
GC Precious Log:
 CardTable entry size: 512
 CPUs: 8 total, 8 available
 Memory: 7941M
 Large Page Support: Disabled
 NUMA Support: Disabled
 Compressed Oops: Enabled (32-bit)
 Alignments: Space 512K, Generation 512K, Heap 2M
 Heap Min Capacity: 100M
 Heap Initial Capacity: 100M
 Heap Max Capacity: 1G
 Pre-touch: Disabled
 Parallel Workers: 8
Heap:
 PSYoungGen      total 19456K, used 13378K [0x00000000eab00000, 0x00000000ec100000, 0x0000000100000000)
  eden space 17408K, 67% used [0x00000000eab00000,0x00000000eb670ab0,0x00000000ebc00000)
  from space 2048K, 81% used [0x00000000ebd00000,0x00000000ebea0000,0x00000000ebf00000)
  to   space 2048K, 0% used [0x00000000ebf00000,0x00000000ebf00000,0x00000000ec100000)
 ParOldGen       total 135680K, used 135187K [0x00000000c0000000, 0x00000000c8480000, 0x00000000eab00000)
  object space 135680K, 99% used [0x00000000c0000000,0x00000000c8404c78,0x00000000c8480000)
 Metaspace       used 55918K, committed 57216K, reserved 1114112K
  class space    used 6204K, committed 6784K, reserved 1048576K
GC Heap History (20 events):
Event: 15.167 GC heap before
{Heap before GC invocations=64 (full 2):
 PSYoungGen      total 19456K, used 19072K [0x00000000eab00000, 0x00000000ec000000, 0x0000000100000000)
  eden space 17408K, 100% used [0x00000000eab00000,0x00000000ebc00000,0x00000000ebc00000)
  from space 2048K, 81% used [0x00000000ebc00000,0x00000000ebda0000,0x00000000ebe00000)
  to   space 2048K, 0% used [0x00000000ebe00000,0x00000000ebe00000,0x00000000ec000000)
 ParOldGen       total 114688K, used 114495K [0x00000000c0000000, 0x00000000c7000000, 0x00000000eab00000)
  object space 114688K, 99% used [0x00000000c0000000,0x00000000c6fcfda8,0x00000000c7000000)
 Metaspace       used 53727K, committed 54976K, reserved 1114112K
  class space    used 5823K, committed 6400K, reserved 1048576K
}
Event: 15.170 GC heap after
{Heap after GC invocations=64 (full 2):
 PSYoungGen      total 19456K, used 1472K [0x00000000eab00000, 0x00000000ec000000, 0x0000000100000000)
  eden space 17408K, 0% used [0x00000000eab00000,0x00000000eab00000,0x00000000ebc00000)
  from space 2048K, 71% used [0x00000000ebe00000,0x00000000ebf70000,0x00000000ec000000)
  to   space 2048K, 0% used [0x00000000ebc00000,0x00000000ebc00000,0x00000000ebe00000)
 ParOldGen       total 116224K, used 115927K [0x00000000c0000000, 0x00000000c7180000, 0x00000000eab00000)
  object space 116224K, 99% used [0x00000000c0000000,0x00000000c7135da8,0x00000000c7180000)
 Metaspace       used 53727K, committed 54976K, reserved 1114112K
  class space    used 5823K, committed 6400K, reserved 1048576K
}
Event: 15.331 GC heap before
{Heap before GC invocations=65 (full 2):
 PSYoungGen      total 19456K, used 18880K [0x00000000eab00000, 0x00000000ec000000, 0x0000000100000000)
  eden space 17408K, 100% used [0x00000000eab00000,0x00000000ebc00000,0x00000000ebc00000)
  from space 2048K, 71% used [0x00000000ebe00000,0x00000000ebf70000,0x00000000ec000000)
  to   space 2048K, 0% used [0x00000000ebc00000,0x00000000ebc00000,0x00000000ebe00000)
 ParOldGen       total 116224K, used 115927K [0x00000000c0000000, 0x00000000c7180000, 0x00000000eab00000)
  object space 116224K, 99% used [0x00000000c0000000,0x00000000c7135da8,0x00000000c7180000)
 Metaspace       used 53731K, committed 54976K, reserved 1114112K
  class space    used 5823K, committed 6400K, reserved 1048576K
}
Event: 15.334 GC heap after
{Heap after GC invocations=65 (full 2):
 PSYoungGen      total 19456K, used 2032K [0x00000000eab00000, 0x00000000ec500000, 0x0000000100000000)
  eden space 17408K, 0% used [0x00000000eab00000,0x00000000eab00000,0x00000000ebc00000)
  from space 2048K, 99% used [0x00000000ebc00000,0x00000000ebdfc108,0x00000000ebe00000)
  to   space 4608K, 0% used [0x00000000ec080000,0x00000000ec080000,0x00000000ec500000)
 ParOldGen       total 118272K, used 117775K [0x00000000c0000000, 0x00000000c7380000, 0x00000000eab00000)
  object space 118272K, 99% used [0x00000000c0000000,0x00000000c7303e18,0x00000000c7380000)
 Metaspace       used 53731K, committed 54976K, reserved 1114112K
  class space    used 5823K, committed 6400K, reserved 1048576K
}
Event: 15.448 GC heap before
{Heap before GC invocations=66 (full 2):
 PSYoungGen      total 19456K, used 19440K [0x00000000eab00000, 0x00000000ec500000, 0x0000000100000000)
  eden space 17408K, 100% used [0x00000000eab00000,0x00000000ebc00000,0x00000000ebc00000)
  from space 2048K, 99% used [0x00000000ebc00000,0x00000000ebdfc108,0x00000000ebe00000)
  to   space 4608K, 0% used [0x00000000ec080000,0x00000000ec080000,0x00000000ec500000)
 ParOldGen       total 118272K, used 117775K [0x00000000c0000000, 0x00000000c7380000, 0x00000000eab00000)
  object space 118272K, 99% used [0x00000000c0000000,0x00000000c7303e18,0x00000000c7380000)
 Metaspace       used 53736K, committed 54976K, reserved 1114112K
  class space    used 5823K, committed 6400K, reserved 1048576K
}
Event: 15.452 GC heap after
{Heap after GC invocations=66 (full 2):
 PSYoungGen      total 20480K, used 3065K [0x00000000eab00000, 0x00000000ec380000, 0x0000000100000000)
  eden space 17408K, 0% used [0x00000000eab00000,0x00000000eab00000,0x00000000ebc00000)
  from space 3072K, 99% used [0x00000000ec080000,0x00000000ec37e640,0x00000000ec380000)
  to   space 3584K, 0% used [0x00000000ebc80000,0x00000000ebc80000,0x00000000ec000000)
 ParOldGen       total 119808K, used 119626K [0x00000000c0000000, 0x00000000c7500000, 0x00000000eab00000)
  object space 119808K, 99% used [0x00000000c0000000,0x00000000c74d2a40,0x00000000c7500000)
 Metaspace       used 53736K, committed 54976K, reserved 1114112K
  class space    used 5823K, committed 6400K, reserved 1048576K
}
Event: 15.533 GC heap before
{Heap before GC invocations=67 (full 2):
 PSYoungGen      total 20480K, used 20473K [0x00000000eab00000, 0x00000000ec380000, 0x0000000100000000)
  eden space 17408K, 100% used [0x00000000eab00000,0x00000000ebc00000,0x00000000ebc00000)
  from space 3072K, 99% used [0x00000000ec080000,0x00000000ec37e640,0x00000000ec380000)
  to   space 3584K, 0% used [0x00000000ebc80000,0x00000000ebc80000,0x00000000ec000000)
 ParOldGen       total 119808K, used 119626K [0x00000000c0000000, 0x00000000c7500000, 0x00000000eab00000)
  object space 119808K, 99% used [0x00000000c0000000,0x00000000c74d2a40,0x00000000c7500000)
 Metaspace       used 53738K, committed 55040K, reserved 1114112K
  class space    used 5824K, committed 6400K, reserved 1048576K
}
Event: 15.536 GC heap after
{Heap after GC invocations=67 (full 2):
 PSYoungGen      total 20480K, used 3059K [0x00000000eab00000, 0x00000000ec300000, 0x0000000100000000)
  eden space 17408K, 0% used [0x00000000eab00000,0x00000000eab00000,0x00000000ebc00000)
  from space 3072K, 99% used [0x00000000ebc80000,0x00000000ebf7cff0,0x00000000ebf80000)
  to   space 3584K, 0% used [0x00000000ebf80000,0x00000000ebf80000,0x00000000ec300000)
 ParOldGen       total 122880K, used 122525K [0x00000000c0000000, 0x00000000c7800000, 0x00000000eab00000)
  object space 122880K, 99% used [0x00000000c0000000,0x00000000c77a7750,0x00000000c7800000)
 Metaspace       used 53738K, committed 55040K, reserved 1114112K
  class space    used 5824K, committed 6400K, reserved 1048576K
}
Event: 15.604 GC heap before
{Heap before GC invocations=68 (full 2):
 PSYoungGen      total 20480K, used 20467K [0x00000000eab00000, 0x00000000ec300000, 0x0000000100000000)
  eden space 17408K, 100% used [0x00000000eab00000,0x00000000ebc00000,0x00000000ebc00000)
  from space 3072K, 99% used [0x00000000ebc80000,0x00000000ebf7cff0,0x00000000ebf80000)
  to   space 3584K, 0% used [0x00000000ebf80000,0x00000000ebf80000,0x00000000ec300000)
 ParOldGen       total 122880K, used 122525K [0x00000000c0000000, 0x00000000c7800000, 0x00000000eab00000)
  object space 122880K, 99% used [0x00000000c0000000,0x00000000c77a7750,0x00000000c7800000)
 Metaspace       used 53855K, committed 55104K, reserved 1114112K
  class space    used 5844K, committed 6400K, reserved 1048576K
}
Event: 15.607 GC heap after
{Heap after GC invocations=68 (full 2):
 PSYoungGen      total 19456K, used 1824K [0x00000000eab00000, 0x00000000ec180000, 0x0000000100000000)
  eden space 17408K, 0% used [0x00000000eab00000,0x00000000eab00000,0x00000000ebc00000)
  from space 2048K, 89% used [0x00000000ebf80000,0x00000000ec148000,0x00000000ec180000)
  to   space 2560K, 0% used [0x00000000ebc80000,0x00000000ebc80000,0x00000000ebf00000)
 ParOldGen       total 125440K, used 125374K [0x00000000c0000000, 0x00000000c7a80000, 0x00000000eab00000)
  object space 125440K, 99% used [0x00000000c0000000,0x00000000c7a6f8d8,0x00000000c7a80000)
 Metaspace       used 53855K, committed 55104K, reserved 1114112K
  class space    used 5844K, committed 6400K, reserved 1048576K
}
Event: 15.691 GC heap before
{Heap before GC invocations=69 (full 2):
 PSYoungGen      total 19456K, used 19232K [0x00000000eab00000, 0x00000000ec180000, 0x0000000100000000)
  eden space 17408K, 100% used [0x00000000eab00000,0x00000000ebc00000,0x00000000ebc00000)
  from space 2048K, 89% used [0x00000000ebf80000,0x00000000ec148000,0x00000000ec180000)
  to   space 2560K, 0% used [0x00000000ebc80000,0x00000000ebc80000,0x00000000ebf00000)
 ParOldGen       total 125440K, used 125374K [0x00000000c0000000, 0x00000000c7a80000, 0x00000000eab00000)
  object space 125440K, 99% used [0x00000000c0000000,0x00000000c7a6f8d8,0x00000000c7a80000)
 Metaspace       used 53944K, committed 55232K, reserved 1114112K
  class space    used 5874K, committed 6464K, reserved 1048576K
}
Event: 15.695 GC heap after
{Heap after GC invocations=69 (full 2):
 PSYoungGen      total 19968K, used 2085K [0x00000000eab00000, 0x00000000ec100000, 0x0000000100000000)
  eden space 17408K, 0% used [0x00000000eab00000,0x00000000eab00000,0x00000000ebc00000)
  from space 2560K, 81% used [0x00000000ebc80000,0x00000000ebe89490,0x00000000ebf00000)
  to   space 2048K, 0% used [0x00000000ebf00000,0x00000000ebf00000,0x00000000ec100000)
 ParOldGen       total 126976K, used 126974K [0x00000000c0000000, 0x00000000c7c00000, 0x00000000eab00000)
  object space 126976K, 99% used [0x00000000c0000000,0x00000000c7bff8d8,0x00000000c7c00000)
 Metaspace       used 53944K, committed 55232K, reserved 1114112K
  class space    used 5874K, committed 6464K, reserved 1048576K
}
Event: 15.828 GC heap before
{Heap before GC invocations=70 (full 2):
 PSYoungGen      total 19968K, used 19493K [0x00000000eab00000, 0x00000000ec100000, 0x0000000100000000)
  eden space 17408K, 100% used [0x00000000eab00000,0x00000000ebc00000,0x00000000ebc00000)
  from space 2560K, 81% used [0x00000000ebc80000,0x00000000ebe89490,0x00000000ebf00000)
  to   space 2048K, 0% used [0x00000000ebf00000,0x00000000ebf00000,0x00000000ec100000)
 ParOldGen       total 126976K, used 126974K [0x00000000c0000000, 0x00000000c7c00000, 0x00000000eab00000)
  object space 126976K, 99% used [0x00000000c0000000,0x00000000c7bff8d8,0x00000000c7c00000)
 Metaspace       used 54283K, committed 55552K, reserved 1114112K
  class space    used 5943K, committed 6528K, reserved 1048576K
}
Event: 15.833 GC heap after
{Heap after GC invocations=70 (full 2):
 PSYoungGen      total 19456K, used 1760K [0x00000000eab00000, 0x00000000ec100000, 0x0000000100000000)
  eden space 17408K, 0% used [0x00000000eab00000,0x00000000eab00000,0x00000000ebc00000)
  from space 2048K, 85% used [0x00000000ebf00000,0x00000000ec0b8000,0x00000000ec100000)
  to   space 2048K, 0% used [0x00000000ebd00000,0x00000000ebd00000,0x00000000ebf00000)
 ParOldGen       total 130560K, used 130494K [0x00000000c0000000, 0x00000000c7f80000, 0x00000000eab00000)
  object space 130560K, 99% used [0x00000000c0000000,0x00000000c7f6f8f0,0x00000000c7f80000)
 Metaspace       used 54283K, committed 55552K, reserved 1114112K
  class space    used 5943K, committed 6528K, reserved 1048576K
}
Event: 15.951 GC heap before
{Heap before GC invocations=71 (full 2):
 PSYoungGen      total 19456K, used 19168K [0x00000000eab00000, 0x00000000ec100000, 0x0000000100000000)
  eden space 17408K, 100% used [0x00000000eab00000,0x00000000ebc00000,0x00000000ebc00000)
  from space 2048K, 85% used [0x00000000ebf00000,0x00000000ec0b8000,0x00000000ec100000)
  to   space 2048K, 0% used [0x00000000ebd00000,0x00000000ebd00000,0x00000000ebf00000)
 ParOldGen       total 130560K, used 130494K [0x00000000c0000000, 0x00000000c7f80000, 0x00000000eab00000)
  object space 130560K, 99% used [0x00000000c0000000,0x00000000c7f6f8f0,0x00000000c7f80000)
 Metaspace       used 54613K, committed 55872K, reserved 1114112K
  class space    used 6002K, committed 6592K, reserved 1048576K
}
Event: 15.954 GC heap after
{Heap after GC invocations=71 (full 2):
 PSYoungGen      total 19456K, used 1808K [0x00000000eab00000, 0x00000000ec000000, 0x0000000100000000)
  eden space 17408K, 0% used [0x00000000eab00000,0x00000000eab00000,0x00000000ebc00000)
  from space 2048K, 88% used [0x00000000ebd00000,0x00000000ebec4010,0x00000000ebf00000)
  to   space 1024K, 0% used [0x00000000ebf00000,0x00000000ebf00000,0x00000000ec000000)
 ParOldGen       total 132096K, used 132062K [0x00000000c0000000, 0x00000000c8100000, 0x00000000eab00000)
  object space 132096K, 99% used [0x00000000c0000000,0x00000000c80f78f0,0x00000000c8100000)
 Metaspace       used 54613K, committed 55872K, reserved 1114112K
  class space    used 6002K, committed 6592K, reserved 1048576K
}
Event: 16.064 GC heap before
{Heap before GC invocations=72 (full 2):
 PSYoungGen      total 19456K, used 19216K [0x00000000eab00000, 0x00000000ec000000, 0x0000000100000000)
  eden space 17408K, 100% used [0x00000000eab00000,0x00000000ebc00000,0x00000000ebc00000)
  from space 2048K, 88% used [0x00000000ebd00000,0x00000000ebec4010,0x00000000ebf00000)
  to   space 1024K, 0% used [0x00000000ebf00000,0x00000000ebf00000,0x00000000ec000000)
 ParOldGen       total 132096K, used 132062K [0x00000000c0000000, 0x00000000c8100000, 0x00000000eab00000)
  object space 132096K, 99% used [0x00000000c0000000,0x00000000c80f78f0,0x00000000c8100000)
 Metaspace       used 55064K, committed 56320K, reserved 1114112K
  class space    used 6074K, committed 6656K, reserved 1048576K
}
Event: 16.069 GC heap after
{Heap after GC invocations=72 (full 2):
 PSYoungGen      total 18432K, used 1024K [0x00000000eab00000, 0x00000000ec000000, 0x0000000100000000)
  eden space 17408K, 0% used [0x00000000eab00000,0x00000000eab00000,0x00000000ebc00000)
  from space 1024K, 100% used [0x00000000ebf00000,0x00000000ec000000,0x00000000ec000000)
  to   space 2048K, 0% used [0x00000000ebd00000,0x00000000ebd00000,0x00000000ebf00000)
 ParOldGen       total 134656K, used 134262K [0x00000000c0000000, 0x00000000c8380000, 0x00000000eab00000)
  object space 134656K, 99% used [0x00000000c0000000,0x00000000c831d920,0x00000000c8380000)
 Metaspace       used 55064K, committed 56320K, reserved 1114112K
  class space    used 6074K, committed 6656K, reserved 1048576K
}
Event: 16.202 GC heap before
{Heap before GC invocations=73 (full 2):
 PSYoungGen      total 18432K, used 18432K [0x00000000eab00000, 0x00000000ec000000, 0x0000000100000000)
  eden space 17408K, 100% used [0x00000000eab00000,0x00000000ebc00000,0x00000000ebc00000)
  from space 1024K, 100% used [0x00000000ebf00000,0x00000000ec000000,0x00000000ec000000)
  to   space 2048K, 0% used [0x00000000ebd00000,0x00000000ebd00000,0x00000000ebf00000)
 ParOldGen       total 134656K, used 134262K [0x00000000c0000000, 0x00000000c8380000, 0x00000000eab00000)
  object space 134656K, 99% used [0x00000000c0000000,0x00000000c831d920,0x00000000c8380000)
 Metaspace       used 55594K, committed 56896K, reserved 1114112K
  class space    used 6157K, committed 6720K, reserved 1048576K
}
Event: 16.206 GC heap after
{Heap after GC invocations=73 (full 2):
 PSYoungGen      total 19456K, used 1664K [0x00000000eab00000, 0x00000000ec100000, 0x0000000100000000)
  eden space 17408K, 0% used [0x00000000eab00000,0x00000000eab00000,0x00000000ebc00000)
  from space 2048K, 81% used [0x00000000ebd00000,0x00000000ebea0000,0x00000000ebf00000)
  to   space 2048K, 0% used [0x00000000ebf00000,0x00000000ebf00000,0x00000000ec100000)
 ParOldGen       total 135680K, used 135187K [0x00000000c0000000, 0x00000000c8480000, 0x00000000eab00000)
  object space 135680K, 99% used [0x00000000c0000000,0x00000000c8404c78,0x00000000c8480000)
 Metaspace       used 55594K, committed 56896K, reserved 1114112K
  class space    used 6157K, committed 6720K, reserved 1048576K
}

