# JRE version: Java(TM) SE Runtime Environment (23.0.2+7) (build 23.0.2+7-58)
# Java VM: Java HotSpot(TM) 64-Bit Server VM (23.0.2+7-58, mixed mode, sharing, tiered, compressed oops, compressed class ptrs, g1 gc, windows-amd64)
GC Precious Log:
 CardTable entry size: 512
 Card Set container configuration: InlinePtr #cards 5 size 8 Array Of Cards #cards 10 size 36 Howl #buckets 4 coarsen threshold 1843 Howl Bitmap #cards 512 size 80 coarsen threshold 460 Card regions per heap region 1 cards per card region 2048
 CPUs: 8 total, 8 available
 Memory: 7941M
 Large Page Support: Disabled
 NUMA Support: Disabled
 Compressed Oops: Enabled (32-bit)
 Heap Region Size: 1M
 Heap Min Capacity: 8M
 Heap Initial Capacity: 126M
 Heap Max Capacity: 2G
 Pre-touch: Disabled
 Parallel Workers: 8
 Concurrent Workers: 2
 Concurrent Refinement Workers: 8
 Periodic GC: Disabled
Heap:
 garbage-first heap   total reserved 2097152K, committed 391168K, used 290901K [0x0000000080000000, 0x0000000100000000)
  region size 1024K, 60 young (61440K), 3 survivors (3072K)
 Metaspace       used 114848K, committed 117696K, reserved 557056K
  class space    used 16701K, committed 18048K, reserved 425984K
GC Heap History (20 events):
Event: 38.380 GC heap before
{Heap before GC invocations=61 (full 0):
 garbage-first heap   total reserved 2097152K, committed 273408K, used 247440K [0x0000000080000000, 0x0000000100000000)
  region size 1024K, 81 young (82944K), 8 survivors (8192K)
 Metaspace       used 107745K, committed 110528K, reserved 557056K
  class space    used 15777K, committed 17088K, reserved 425984K
}
Event: 38.391 GC heap after
{Heap after GC invocations=62 (full 0):
 garbage-first heap   total reserved 2097152K, committed 273408K, used 175906K [0x0000000080000000, 0x0000000100000000)
  region size 1024K, 6 young (6144K), 6 survivors (6144K)
 Metaspace       used 107745K, committed 110528K, reserved 557056K
  class space    used 15777K, committed 17088K, reserved 425984K
}
Event: 39.160 GC heap before
{Heap before GC invocations=62 (full 0):
 garbage-first heap   total reserved 2097152K, committed 273408K, used 245538K [0x0000000080000000, 0x0000000100000000)
  region size 1024K, 74 young (75776K), 6 survivors (6144K)
 Metaspace       used 110383K, committed 113088K, reserved 557056K
  class space    used 16125K, committed 17408K, reserved 425984K
}
Event: 39.168 GC heap after
{Heap after GC invocations=63 (full 0):
 garbage-first heap   total reserved 2097152K, committed 273408K, used 182914K [0x0000000080000000, 0x0000000100000000)
  region size 1024K, 7 young (7168K), 7 survivors (7168K)
 Metaspace       used 110383K, committed 113088K, reserved 557056K
  class space    used 16125K, committed 17408K, reserved 425984K
}
Event: 39.715 GC heap before
{Heap before GC invocations=64 (full 0):
 garbage-first heap   total reserved 2097152K, committed 306176K, used 249474K [0x0000000080000000, 0x0000000100000000)
  region size 1024K, 72 young (73728K), 7 survivors (7168K)
 Metaspace       used 110494K, committed 113280K, reserved 557056K
  class space    used 16135K, committed 17472K, reserved 425984K
}
Event: 39.727 GC heap after
{Heap after GC invocations=65 (full 0):
 garbage-first heap   total reserved 2097152K, committed 306176K, used 195115K [0x0000000080000000, 0x0000000100000000)
  region size 1024K, 9 young (9216K), 9 survivors (9216K)
 Metaspace       used 110494K, committed 113280K, reserved 557056K
  class space    used 16135K, committed 17472K, reserved 425984K
}
Event: 40.397 GC heap before
{Heap before GC invocations=65 (full 0):
 garbage-first heap   total reserved 2097152K, committed 306176K, used 272939K [0x0000000080000000, 0x0000000100000000)
  region size 1024K, 86 young (88064K), 9 survivors (9216K)
 Metaspace       used 110551K, committed 113280K, reserved 557056K
  class space    used 16140K, committed 17472K, reserved 425984K
}
Event: 40.412 GC heap after
{Heap after GC invocations=66 (full 0):
 garbage-first heap   total reserved 2097152K, committed 367616K, used 201122K [0x0000000080000000, 0x0000000100000000)
  region size 1024K, 7 young (7168K), 7 survivors (7168K)
 Metaspace       used 110551K, committed 113280K, reserved 557056K
  class space    used 16140K, committed 17472K, reserved 425984K
}
Event: 41.683 GC heap before
{Heap before GC invocations=66 (full 0):
 garbage-first heap   total reserved 2097152K, committed 367616K, used 305570K [0x0000000080000000, 0x0000000100000000)
  region size 1024K, 107 young (109568K), 7 survivors (7168K)
 Metaspace       used 110797K, committed 113536K, reserved 557056K
  class space    used 16168K, committed 17472K, reserved 425984K
}
Event: 41.695 GC heap after
{Heap after GC invocations=67 (full 0):
 garbage-first heap   total reserved 2097152K, committed 367616K, used 212818K [0x0000000080000000, 0x0000000100000000)
  region size 1024K, 14 young (14336K), 14 survivors (14336K)
 Metaspace       used 110797K, committed 113536K, reserved 557056K
  class space    used 16168K, committed 17472K, reserved 425984K
}
Event: 42.289 GC heap before
{Heap before GC invocations=67 (full 0):
 garbage-first heap   total reserved 2097152K, committed 367616K, used 312146K [0x0000000080000000, 0x0000000100000000)
  region size 1024K, 112 young (114688K), 14 survivors (14336K)
 Metaspace       used 111014K, committed 113792K, reserved 557056K
  class space    used 16197K, committed 17536K, reserved 425984K
}
Event: 42.299 GC heap after
{Heap after GC invocations=68 (full 0):
 garbage-first heap   total reserved 2097152K, committed 367616K, used 217541K [0x0000000080000000, 0x0000000100000000)
  region size 1024K, 7 young (7168K), 7 survivors (7168K)
 Metaspace       used 111014K, committed 113792K, reserved 557056K
  class space    used 16197K, committed 17536K, reserved 425984K
}
Event: 42.308 GC heap before
{Heap before GC invocations=68 (full 0):
 garbage-first heap   total reserved 2097152K, committed 367616K, used 218565K [0x0000000080000000, 0x0000000100000000)
  region size 1024K, 9 young (9216K), 7 survivors (7168K)
 Metaspace       used 111014K, committed 113792K, reserved 557056K
  class space    used 16197K, committed 17536K, reserved 425984K
}
Event: 42.313 GC heap after
{Heap after GC invocations=69 (full 0):
 garbage-first heap   total reserved 2097152K, committed 367616K, used 217717K [0x0000000080000000, 0x0000000100000000)
  region size 1024K, 8 young (8192K), 8 survivors (8192K)
 Metaspace       used 111014K, committed 113792K, reserved 557056K
  class space    used 16197K, committed 17536K, reserved 425984K
}
Event: 43.577 GC heap before
{Heap before GC invocations=70 (full 0):
 garbage-first heap   total reserved 2097152K, committed 367616K, used 307829K [0x0000000080000000, 0x0000000100000000)
  region size 1024K, 96 young (98304K), 8 survivors (8192K)
 Metaspace       used 111360K, committed 114176K, reserved 557056K
  class space    used 16230K, committed 17600K, reserved 425984K
}
Event: 43.590 GC heap after
{Heap after GC invocations=71 (full 0):
 garbage-first heap   total reserved 2097152K, committed 367616K, used 224624K [0x0000000080000000, 0x0000000100000000)
  region size 1024K, 10 young (10240K), 10 survivors (10240K)
 Metaspace       used 111360K, committed 114176K, reserved 557056K
  class space    used 16230K, committed 17600K, reserved 425984K
}
Event: 44.258 GC heap before
{Heap before GC invocations=71 (full 0):
 garbage-first heap   total reserved 2097152K, committed 367616K, used 316784K [0x0000000080000000, 0x0000000100000000)
  region size 1024K, 99 young (101376K), 10 survivors (10240K)
 Metaspace       used 111711K, committed 114496K, reserved 557056K
  class space    used 16280K, committed 17600K, reserved 425984K
}
Event: 44.272 GC heap after
{Heap after GC invocations=72 (full 0):
 garbage-first heap   total reserved 2097152K, committed 367616K, used 230839K [0x0000000080000000, 0x0000000100000000)
  region size 1024K, 11 young (11264K), 11 survivors (11264K)
 Metaspace       used 111711K, committed 114496K, reserved 557056K
  class space    used 16280K, committed 17600K, reserved 425984K
}
Event: 45.160 GC heap before
{Heap before GC invocations=72 (full 0):
 garbage-first heap   total reserved 2097152K, committed 367616K, used 261559K [0x0000000080000000, 0x0000000100000000)
  region size 1024K, 42 young (43008K), 11 survivors (11264K)
 Metaspace       used 112607K, committed 115392K, reserved 557056K
  class space    used 16398K, committed 17728K, reserved 425984K
}
Event: 45.171 GC heap after
{Heap after GC invocations=73 (full 0):
 garbage-first heap   total reserved 2097152K, committed 367616K, used 232533K [0x0000000080000000, 0x0000000100000000)
  region size 1024K, 3 young (3072K), 3 survivors (3072K)
 Metaspace       used 112607K, committed 115392K, reserved 557056K
  class space    used 16398K, committed 17728K, reserved 425984K
}

