# JRE version: Java(TM) SE Runtime Environment (23.0.2+7) (build 23.0.2+7-58)
# Java VM: Java HotSpot(TM) 64-Bit Server VM (23.0.2+7-58, mixed mode, sharing, tiered, compressed oops, compressed class ptrs, g1 gc, windows-amd64)
GC Precious Log:
 CardTable entry size: 512
 Card Set container configuration: InlinePtr #cards 5 size 8 Array Of Cards #cards 10 size 36 Howl #buckets 4 coarsen threshold 1843 Howl Bitmap #cards 512 size 80 coarsen threshold 460 Card regions per heap region 1 cards per card region 2048
 CPUs: 8 total, 8 available
 Memory: 7941M
 Large Page Support: Disabled
 NUMA Support: Disabled
 Compressed Oops: Enabled (32-bit)
 Heap Region Size: 1M
 Heap Min Capacity: 8M
 Heap Initial Capacity: 126M
 Heap Max Capacity: 2G
 Pre-touch: Disabled
 Parallel Workers: 8
 Concurrent Workers: 2
 Concurrent Refinement Workers: 8
 Periodic GC: Disabled
Heap:
 garbage-first heap   total reserved 2097152K, committed 376832K, used 266752K [0x0000000080000000, 0x0000000100000000)
  region size 1024K, 17 young (17408K), 3 survivors (3072K)
 Metaspace       used 117958K, committed 120896K, reserved 557056K
  class space    used 17111K, committed 18496K, reserved 425984K
GC Heap History (20 events):
Event: 33.286 GC heap before
{Heap before GC invocations=56 (full 0):
 garbage-first heap   total reserved 2097152K, committed 270336K, used 246393K [0x0000000080000000, 0x0000000100000000)
  region size 1024K, 72 young (73728K), 4 survivors (4096K)
 Metaspace       used 110522K, committed 113280K, reserved 557056K
  class space    used 16154K, committed 17472K, reserved 425984K
}
Event: 33.295 GC heap after
{Heap after GC invocations=57 (full 0):
 garbage-first heap   total reserved 2097152K, committed 270336K, used 185965K [0x0000000080000000, 0x0000000100000000)
  region size 1024K, 9 young (9216K), 9 survivors (9216K)
 Metaspace       used 110522K, committed 113280K, reserved 557056K
  class space    used 16154K, committed 17472K, reserved 425984K
}
Event: 33.841 GC heap before
{Heap before GC invocations=58 (full 0):
 garbage-first heap   total reserved 2097152K, committed 311296K, used 244333K [0x0000000080000000, 0x0000000100000000)
  region size 1024K, 66 young (67584K), 9 survivors (9216K)
 Metaspace       used 110625K, committed 113408K, reserved 557056K
  class space    used 16162K, committed 17472K, reserved 425984K
}
Event: 33.853 GC heap after
{Heap after GC invocations=59 (full 0):
 garbage-first heap   total reserved 2097152K, committed 311296K, used 197165K [0x0000000080000000, 0x0000000100000000)
  region size 1024K, 9 young (9216K), 9 survivors (9216K)
 Metaspace       used 110625K, committed 113408K, reserved 557056K
  class space    used 16162K, committed 17472K, reserved 425984K
}
Event: 34.148 GC heap before
{Heap before GC invocations=59 (full 0):
 garbage-first heap   total reserved 2097152K, committed 311296K, used 276013K [0x0000000080000000, 0x0000000100000000)
  region size 1024K, 87 young (89088K), 9 survivors (9216K)
 Metaspace       used 110628K, committed 113408K, reserved 557056K
  class space    used 16162K, committed 17472K, reserved 425984K
}
Event: 34.159 GC heap after
{Heap after GC invocations=60 (full 0):
 garbage-first heap   total reserved 2097152K, committed 373760K, used 200704K [0x0000000080000000, 0x0000000100000000)
  region size 1024K, 5 young (5120K), 5 survivors (5120K)
 Metaspace       used 110628K, committed 113408K, reserved 557056K
  class space    used 16162K, committed 17472K, reserved 425984K
}
Event: 34.686 GC heap before
{Heap before GC invocations=60 (full 0):
 garbage-first heap   total reserved 2097152K, committed 373760K, used 256000K [0x0000000080000000, 0x0000000100000000)
  region size 1024K, 61 young (62464K), 5 survivors (5120K)
 Metaspace       used 110704K, committed 113472K, reserved 557056K
  class space    used 16169K, committed 17472K, reserved 425984K
}
Event: 34.693 GC heap after
{Heap after GC invocations=61 (full 0):
 garbage-first heap   total reserved 2097152K, committed 373760K, used 203022K [0x0000000080000000, 0x0000000100000000)
  region size 1024K, 8 young (8192K), 8 survivors (8192K)
 Metaspace       used 110704K, committed 113472K, reserved 557056K
  class space    used 16169K, committed 17472K, reserved 425984K
}
Event: 35.836 GC heap before
{Heap before GC invocations=62 (full 0):
 garbage-first heap   total reserved 2097152K, committed 373760K, used 320782K [0x0000000080000000, 0x0000000100000000)
  region size 1024K, 121 young (123904K), 8 survivors (8192K)
 Metaspace       used 110884K, committed 113728K, reserved 557056K
  class space    used 16190K, committed 17536K, reserved 425984K
}
Event: 35.849 GC heap after
{Heap after GC invocations=63 (full 0):
 garbage-first heap   total reserved 2097152K, committed 373760K, used 212290K [0x0000000080000000, 0x0000000100000000)
  region size 1024K, 15 young (15360K), 15 survivors (15360K)
 Metaspace       used 110884K, committed 113728K, reserved 557056K
  class space    used 16190K, committed 17536K, reserved 425984K
}
Event: 37.754 GC heap before
{Heap before GC invocations=63 (full 0):
 garbage-first heap   total reserved 2097152K, committed 373760K, used 318786K [0x0000000080000000, 0x0000000100000000)
  region size 1024K, 119 young (121856K), 15 survivors (15360K)
 Metaspace       used 111445K, committed 114304K, reserved 557056K
  class space    used 16253K, committed 17600K, reserved 425984K
}
Event: 37.771 GC heap after
{Heap after GC invocations=64 (full 0):
 garbage-first heap   total reserved 2097152K, committed 373760K, used 218713K [0x0000000080000000, 0x0000000100000000)
  region size 1024K, 12 young (12288K), 12 survivors (12288K)
 Metaspace       used 111445K, committed 114304K, reserved 557056K
  class space    used 16253K, committed 17600K, reserved 425984K
}
Event: 38.145 GC heap before
{Heap before GC invocations=64 (full 0):
 garbage-first heap   total reserved 2097152K, committed 373760K, used 279129K [0x0000000080000000, 0x0000000100000000)
  region size 1024K, 73 young (74752K), 12 survivors (12288K)
 Metaspace       used 111479K, committed 114304K, reserved 557056K
  class space    used 16257K, committed 17600K, reserved 425984K
}
Event: 38.156 GC heap after
{Heap after GC invocations=65 (full 0):
 garbage-first heap   total reserved 2097152K, committed 373760K, used 221935K [0x0000000080000000, 0x0000000100000000)
  region size 1024K, 6 young (6144K), 6 survivors (6144K)
 Metaspace       used 111479K, committed 114304K, reserved 557056K
  class space    used 16257K, committed 17600K, reserved 425984K
}
Event: 40.226 GC heap before
{Heap before GC invocations=66 (full 0):
 garbage-first heap   total reserved 2097152K, committed 375808K, used 335599K [0x0000000080000000, 0x0000000100000000)
  region size 1024K, 114 young (116736K), 6 survivors (6144K)
 Metaspace       used 115856K, committed 118720K, reserved 557056K
  class space    used 16814K, committed 18112K, reserved 425984K
}
Event: 40.236 GC heap after
{Heap after GC invocations=67 (full 0):
 garbage-first heap   total reserved 2097152K, committed 375808K, used 235520K [0x0000000080000000, 0x0000000100000000)
  region size 1024K, 15 young (15360K), 15 survivors (15360K)
 Metaspace       used 115856K, committed 118720K, reserved 557056K
  class space    used 16814K, committed 18112K, reserved 425984K
}
Event: 41.223 GC heap before
{Heap before GC invocations=67 (full 0):
 garbage-first heap   total reserved 2097152K, committed 375808K, used 340992K [0x0000000080000000, 0x0000000100000000)
  region size 1024K, 118 young (120832K), 15 survivors (15360K)
 Metaspace       used 117322K, committed 120192K, reserved 557056K
  class space    used 17019K, committed 18368K, reserved 425984K
}
Event: 41.247 GC heap after
{Heap after GC invocations=68 (full 0):
 garbage-first heap   total reserved 2097152K, committed 376832K, used 249276K [0x0000000080000000, 0x0000000100000000)
  region size 1024K, 15 young (15360K), 15 survivors (15360K)
 Metaspace       used 117322K, committed 120192K, reserved 557056K
  class space    used 17019K, committed 18368K, reserved 425984K
}
Event: 41.697 GC heap before
{Heap before GC invocations=68 (full 0):
 garbage-first heap   total reserved 2097152K, committed 376832K, used 285116K [0x0000000080000000, 0x0000000100000000)
  region size 1024K, 51 young (52224K), 15 survivors (15360K)
 Metaspace       used 117502K, committed 120384K, reserved 557056K
  class space    used 17032K, committed 18368K, reserved 425984K
}
Event: 41.709 GC heap after
{Heap after GC invocations=69 (full 0):
 garbage-first heap   total reserved 2097152K, committed 376832K, used 252416K [0x0000000080000000, 0x0000000100000000)
  region size 1024K, 3 young (3072K), 3 survivors (3072K)
 Metaspace       used 117502K, committed 120384K, reserved 557056K
  class space    used 17032K, committed 18368K, reserved 425984K
}

