# JRE version: Java(TM) SE Runtime Environment (23.0.2+7) (build 23.0.2+7-58)
# Java VM: Java HotSpot(TM) 64-Bit Server VM (23.0.2+7-58, mixed mode, sharing, tiered, compressed oops, compressed class ptrs, g1 gc, windows-amd64)
GC Precious Log:
 CardTable entry size: 512
 Card Set container configuration: InlinePtr #cards 5 size 8 Array Of Cards #cards 10 size 36 Howl #buckets 4 coarsen threshold 1843 Howl Bitmap #cards 512 size 80 coarsen threshold 460 Card regions per heap region 1 cards per card region 2048
 CPUs: 8 total, 8 available
 Memory: 7941M
 Large Page Support: Disabled
 NUMA Support: Disabled
 Compressed Oops: Enabled (32-bit)
 Heap Region Size: 1M
 Heap Min Capacity: 8M
 Heap Initial Capacity: 126M
 Heap Max Capacity: 2G
 Pre-touch: Disabled
 Parallel Workers: 8
 Concurrent Workers: 2
 Concurrent Refinement Workers: 8
 Periodic GC: Disabled
Heap:
 garbage-first heap   total reserved 2097152K, committed 150528K, used 94456K [0x0000000080000000, 0x0000000100000000)
  region size 1024K, 8 young (8192K), 5 survivors (5120K)
 Metaspace       used 76898K, committed 79168K, reserved 557056K
  class space    used 11246K, committed 12288K, reserved 425984K
GC Heap History (20 events):
Event: 96.585 GC heap before
{Heap before GC invocations=24 (full 0):
 garbage-first heap   total reserved 2097152K, committed 111616K, used 98684K [0x0000000080000000, 0x0000000100000000)
  region size 1024K, 34 young (34816K), 5 survivors (5120K)
 Metaspace       used 69285K, committed 71360K, reserved 491520K
  class space    used 10132K, committed 11136K, reserved 425984K
}
Event: 96.600 GC heap after
{Heap after GC invocations=25 (full 0):
 garbage-first heap   total reserved 2097152K, committed 111616K, used 72798K [0x0000000080000000, 0x0000000100000000)
  region size 1024K, 4 young (4096K), 4 survivors (4096K)
 Metaspace       used 69285K, committed 71360K, reserved 491520K
  class space    used 10132K, committed 11136K, reserved 425984K
}
Event: 99.859 GC heap before
{Heap before GC invocations=26 (full 0):
 garbage-first heap   total reserved 2097152K, committed 122880K, used 100446K [0x0000000080000000, 0x0000000100000000)
  region size 1024K, 31 young (31744K), 4 survivors (4096K)
 Metaspace       used 70633K, committed 72832K, reserved 491520K
  class space    used 10348K, committed 11392K, reserved 425984K
}
Event: 99.869 GC heap after
{Heap after GC invocations=27 (full 0):
 garbage-first heap   total reserved 2097152K, committed 122880K, used 72433K [0x0000000080000000, 0x0000000100000000)
  region size 1024K, 2 young (2048K), 2 survivors (2048K)
 Metaspace       used 70633K, committed 72832K, reserved 491520K
  class space    used 10348K, committed 11392K, reserved 425984K
}
Event: 102.743 GC heap before
{Heap before GC invocations=27 (full 0):
 garbage-first heap   total reserved 2097152K, committed 122880K, used 111345K [0x0000000080000000, 0x0000000100000000)
  region size 1024K, 41 young (41984K), 2 survivors (2048K)
 Metaspace       used 74042K, committed 76160K, reserved 491520K
  class space    used 10896K, committed 11904K, reserved 425984K
}
Event: 102.755 GC heap after
{Heap after GC invocations=28 (full 0):
 garbage-first heap   total reserved 2097152K, committed 122880K, used 73976K [0x0000000080000000, 0x0000000100000000)
  region size 1024K, 5 young (5120K), 5 survivors (5120K)
 Metaspace       used 74042K, committed 76160K, reserved 491520K
  class space    used 10896K, committed 11904K, reserved 425984K
}
Event: 103.751 GC heap before
{Heap before GC invocations=28 (full 0):
 garbage-first heap   total reserved 2097152K, committed 122880K, used 109816K [0x0000000080000000, 0x0000000100000000)
  region size 1024K, 41 young (41984K), 5 survivors (5120K)
 Metaspace       used 75160K, committed 77376K, reserved 557056K
  class space    used 11075K, committed 12160K, reserved 425984K
}
Event: 103.761 GC heap after
{Heap after GC invocations=29 (full 0):
 garbage-first heap   total reserved 2097152K, committed 122880K, used 79857K [0x0000000080000000, 0x0000000100000000)
  region size 1024K, 6 young (6144K), 6 survivors (6144K)
 Metaspace       used 75160K, committed 77376K, reserved 557056K
  class space    used 11075K, committed 12160K, reserved 425984K
}
Event: 107.530 GC heap before
{Heap before GC invocations=30 (full 0):
 garbage-first heap   total reserved 2097152K, committed 133120K, used 109553K [0x0000000080000000, 0x0000000100000000)
  region size 1024K, 35 young (35840K), 6 survivors (6144K)
 Metaspace       used 76381K, committed 78592K, reserved 557056K
  class space    used 11236K, committed 12288K, reserved 425984K
}
Event: 107.544 GC heap after
{Heap after GC invocations=31 (full 0):
 garbage-first heap   total reserved 2097152K, committed 133120K, used 82944K [0x0000000080000000, 0x0000000100000000)
  region size 1024K, 5 young (5120K), 5 survivors (5120K)
 Metaspace       used 76381K, committed 78592K, reserved 557056K
  class space    used 11236K, committed 12288K, reserved 425984K
}
Event: 111.211 GC heap before
{Heap before GC invocations=31 (full 0):
 garbage-first heap   total reserved 2097152K, committed 133120K, used 116736K [0x0000000080000000, 0x0000000100000000)
  region size 1024K, 39 young (39936K), 5 survivors (5120K)
 Metaspace       used 76790K, committed 79040K, reserved 557056K
  class space    used 11243K, committed 12288K, reserved 425984K
}
Event: 111.225 GC heap after
{Heap after GC invocations=32 (full 0):
 garbage-first heap   total reserved 2097152K, committed 133120K, used 87040K [0x0000000080000000, 0x0000000100000000)
  region size 1024K, 5 young (5120K), 5 survivors (5120K)
 Metaspace       used 76790K, committed 79040K, reserved 557056K
  class space    used 11243K, committed 12288K, reserved 425984K
}
Event: 111.829 GC heap before
{Heap before GC invocations=32 (full 0):
 garbage-first heap   total reserved 2097152K, committed 133120K, used 118784K [0x0000000080000000, 0x0000000100000000)
  region size 1024K, 37 young (37888K), 5 survivors (5120K)
 Metaspace       used 76862K, committed 79104K, reserved 557056K
  class space    used 11243K, committed 12288K, reserved 425984K
}
Event: 111.840 GC heap after
{Heap after GC invocations=33 (full 0):
 garbage-first heap   total reserved 2097152K, committed 133120K, used 89214K [0x0000000080000000, 0x0000000100000000)
  region size 1024K, 4 young (4096K), 4 survivors (4096K)
 Metaspace       used 76862K, committed 79104K, reserved 557056K
  class space    used 11243K, committed 12288K, reserved 425984K
}
Event: 112.131 GC heap before
{Heap before GC invocations=34 (full 0):
 garbage-first heap   total reserved 2097152K, committed 150528K, used 118910K [0x0000000080000000, 0x0000000100000000)
  region size 1024K, 34 young (34816K), 4 survivors (4096K)
 Metaspace       used 76870K, committed 79104K, reserved 557056K
  class space    used 11243K, committed 12288K, reserved 425984K
}
Event: 112.137 GC heap after
{Heap after GC invocations=35 (full 0):
 garbage-first heap   total reserved 2097152K, committed 150528K, used 90414K [0x0000000080000000, 0x0000000100000000)
  region size 1024K, 4 young (4096K), 4 survivors (4096K)
 Metaspace       used 76870K, committed 79104K, reserved 557056K
  class space    used 11243K, committed 12288K, reserved 425984K
}
Event: 112.561 GC heap before
{Heap before GC invocations=35 (full 0):
 garbage-first heap   total reserved 2097152K, committed 150528K, used 133422K [0x0000000080000000, 0x0000000100000000)
  region size 1024K, 47 young (48128K), 4 survivors (4096K)
 Metaspace       used 76872K, committed 79104K, reserved 557056K
  class space    used 11243K, committed 12288K, reserved 425984K
}
Event: 112.568 GC heap after
{Heap after GC invocations=36 (full 0):
 garbage-first heap   total reserved 2097152K, committed 150528K, used 89124K [0x0000000080000000, 0x0000000100000000)
  region size 1024K, 5 young (5120K), 5 survivors (5120K)
 Metaspace       used 76872K, committed 79104K, reserved 557056K
  class space    used 11243K, committed 12288K, reserved 425984K
}
Event: 112.839 GC heap before
{Heap before GC invocations=36 (full 0):
 garbage-first heap   total reserved 2097152K, committed 150528K, used 110628K [0x0000000080000000, 0x0000000100000000)
  region size 1024K, 28 young (28672K), 5 survivors (5120K)
 Metaspace       used 76898K, committed 79168K, reserved 557056K
  class space    used 11246K, committed 12288K, reserved 425984K
}
Event: 112.846 GC heap after
{Heap after GC invocations=37 (full 0):
 garbage-first heap   total reserved 2097152K, committed 150528K, used 90360K [0x0000000080000000, 0x0000000100000000)
  region size 1024K, 5 young (5120K), 5 survivors (5120K)
 Metaspace       used 76898K, committed 79168K, reserved 557056K
  class space    used 11246K, committed 12288K, reserved 425984K
}

