# JRE version: Java(TM) SE Runtime Environment (23.0.2+7) (build 23.0.2+7-58)
# Java VM: Java HotSpot(TM) 64-Bit Server VM (23.0.2+7-58, mixed mode, sharing, tiered, compressed oops, compressed class ptrs, g1 gc, windows-amd64)
GC Precious Log:
 CardTable entry size: 512
 Card Set container configuration: InlinePtr #cards 5 size 8 Array Of Cards #cards 10 size 36 Howl #buckets 4 coarsen threshold 1843 Howl Bitmap #cards 512 size 80 coarsen threshold 460 Card regions per heap region 1 cards per card region 2048
 CPUs: 8 total, 8 available
 Memory: 7941M
 Large Page Support: Disabled
 NUMA Support: Disabled
 Compressed Oops: Enabled (32-bit)
 Heap Region Size: 1M
 Heap Min Capacity: 8M
 Heap Initial Capacity: 126M
 Heap Max Capacity: 2G
 Pre-touch: Disabled
 Parallel Workers: 8
 Concurrent Workers: 2
 Concurrent Refinement Workers: 8
 Periodic GC: Disabled
Heap:
 garbage-first heap   total reserved 2097152K, committed 179200K, used 127005K [0x0000000080000000, 0x0000000100000000)
  region size 1024K, 23 young (23552K), 5 survivors (5120K)
 Metaspace       used 89278K, committed 91584K, reserved 557056K
  class space    used 12835K, committed 13888K, reserved 425984K
GC Heap History (20 events):
Event: 135.088 GC heap before
{Heap before GC invocations=31 (full 0):
 garbage-first heap   total reserved 2097152K, committed 132096K, used 117826K [0x0000000080000000, 0x0000000100000000)
  region size 1024K, 43 young (44032K), 5 survivors (5120K)
 Metaspace       used 76763K, committed 78976K, reserved 557056K
  class space    used 11237K, committed 12288K, reserved 425984K
}
Event: 135.139 GC heap after
{Heap after GC invocations=32 (full 0):
 garbage-first heap   total reserved 2097152K, committed 132096K, used 84638K [0x0000000080000000, 0x0000000100000000)
  region size 1024K, 6 young (6144K), 6 survivors (6144K)
 Metaspace       used 76763K, committed 78976K, reserved 557056K
  class space    used 11237K, committed 12288K, reserved 425984K
}
Event: 136.388 GC heap before
{Heap before GC invocations=32 (full 0):
 garbage-first heap   total reserved 2097152K, committed 132096K, used 117406K [0x0000000080000000, 0x0000000100000000)
  region size 1024K, 39 young (39936K), 6 survivors (6144K)
 Metaspace       used 76837K, committed 79040K, reserved 557056K
  class space    used 11237K, committed 12288K, reserved 425984K
}
Event: 136.421 GC heap after
{Heap after GC invocations=33 (full 0):
 garbage-first heap   total reserved 2097152K, committed 132096K, used 87134K [0x0000000080000000, 0x0000000100000000)
  region size 1024K, 4 young (4096K), 4 survivors (4096K)
 Metaspace       used 76837K, committed 79040K, reserved 557056K
  class space    used 11237K, committed 12288K, reserved 425984K
}
Event: 137.140 GC heap before
{Heap before GC invocations=34 (full 0):
 garbage-first heap   total reserved 2097152K, committed 147456K, used 117854K [0x0000000080000000, 0x0000000100000000)
  region size 1024K, 35 young (35840K), 4 survivors (4096K)
 Metaspace       used 76843K, committed 79040K, reserved 557056K
  class space    used 11237K, committed 12288K, reserved 425984K
}
Event: 137.144 GC heap after
{Heap after GC invocations=35 (full 0):
 garbage-first heap   total reserved 2097152K, committed 147456K, used 88218K [0x0000000080000000, 0x0000000100000000)
  region size 1024K, 4 young (4096K), 4 survivors (4096K)
 Metaspace       used 76843K, committed 79040K, reserved 557056K
  class space    used 11237K, committed 12288K, reserved 425984K
}
Event: 137.555 GC heap before
{Heap before GC invocations=35 (full 0):
 garbage-first heap   total reserved 2097152K, committed 147456K, used 131226K [0x0000000080000000, 0x0000000100000000)
  region size 1024K, 47 young (48128K), 4 survivors (4096K)
 Metaspace       used 76849K, committed 79104K, reserved 557056K
  class space    used 11237K, committed 12288K, reserved 425984K
}
Event: 137.562 GC heap after
{Heap after GC invocations=36 (full 0):
 garbage-first heap   total reserved 2097152K, committed 147456K, used 88017K [0x0000000080000000, 0x0000000100000000)
  region size 1024K, 4 young (4096K), 4 survivors (4096K)
 Metaspace       used 76849K, committed 79104K, reserved 557056K
  class space    used 11237K, committed 12288K, reserved 425984K
}
Event: 138.128 GC heap before
{Heap before GC invocations=36 (full 0):
 garbage-first heap   total reserved 2097152K, committed 147456K, used 105425K [0x0000000080000000, 0x0000000100000000)
  region size 1024K, 23 young (23552K), 4 survivors (4096K)
 Metaspace       used 76871K, committed 79104K, reserved 557056K
  class space    used 11240K, committed 12288K, reserved 425984K
}
Event: 138.135 GC heap after
{Heap after GC invocations=37 (full 0):
 garbage-first heap   total reserved 2097152K, committed 147456K, used 89062K [0x0000000080000000, 0x0000000100000000)
  region size 1024K, 3 young (3072K), 3 survivors (3072K)
 Metaspace       used 76871K, committed 79104K, reserved 557056K
  class space    used 11240K, committed 12288K, reserved 425984K
}
Event: 141.151 GC heap before
{Heap before GC invocations=38 (full 0):
 garbage-first heap   total reserved 2097152K, committed 153600K, used 140262K [0x0000000080000000, 0x0000000100000000)
  region size 1024K, 47 young (48128K), 3 survivors (3072K)
 Metaspace       used 79321K, committed 81600K, reserved 557056K
  class space    used 11545K, committed 12608K, reserved 425984K
}
Event: 141.157 GC heap after
{Heap after GC invocations=39 (full 0):
 garbage-first heap   total reserved 2097152K, committed 153600K, used 99505K [0x0000000080000000, 0x0000000100000000)
  region size 1024K, 6 young (6144K), 6 survivors (6144K)
 Metaspace       used 79321K, committed 81600K, reserved 557056K
  class space    used 11545K, committed 12608K, reserved 425984K
}
Event: 143.432 GC heap before
{Heap before GC invocations=39 (full 0):
 garbage-first heap   total reserved 2097152K, committed 153600K, used 138417K [0x0000000080000000, 0x0000000100000000)
  region size 1024K, 44 young (45056K), 6 survivors (6144K)
 Metaspace       used 82965K, committed 85184K, reserved 557056K
  class space    used 11950K, committed 12992K, reserved 425984K
}
Event: 143.443 GC heap after
{Heap after GC invocations=40 (full 0):
 garbage-first heap   total reserved 2097152K, committed 153600K, used 103048K [0x0000000080000000, 0x0000000100000000)
  region size 1024K, 5 young (5120K), 5 survivors (5120K)
 Metaspace       used 82965K, committed 85184K, reserved 557056K
  class space    used 11950K, committed 12992K, reserved 425984K
}
Event: 143.446 GC heap before
{Heap before GC invocations=40 (full 0):
 garbage-first heap   total reserved 2097152K, committed 153600K, used 103048K [0x0000000080000000, 0x0000000100000000)
  region size 1024K, 6 young (6144K), 5 survivors (5120K)
 Metaspace       used 82965K, committed 85184K, reserved 557056K
  class space    used 11950K, committed 12992K, reserved 425984K
}
Event: 143.451 GC heap after
{Heap after GC invocations=41 (full 0):
 garbage-first heap   total reserved 2097152K, committed 153600K, used 103408K [0x0000000080000000, 0x0000000100000000)
  region size 1024K, 1 young (1024K), 1 survivors (1024K)
 Metaspace       used 82965K, committed 85184K, reserved 557056K
  class space    used 11950K, committed 12992K, reserved 425984K
}
Event: 145.316 GC heap before
{Heap before GC invocations=42 (full 0):
 garbage-first heap   total reserved 2097152K, committed 179200K, used 143344K [0x0000000080000000, 0x0000000100000000)
  region size 1024K, 36 young (36864K), 1 survivors (1024K)
 Metaspace       used 84762K, committed 86976K, reserved 557056K
  class space    used 12215K, committed 13248K, reserved 425984K
}
Event: 145.320 GC heap after
{Heap after GC invocations=43 (full 0):
 garbage-first heap   total reserved 2097152K, committed 179200K, used 107457K [0x0000000080000000, 0x0000000100000000)
  region size 1024K, 3 young (3072K), 3 survivors (3072K)
 Metaspace       used 84762K, committed 86976K, reserved 557056K
  class space    used 12215K, committed 13248K, reserved 425984K
}
Event: 147.682 GC heap before
{Heap before GC invocations=43 (full 0):
 garbage-first heap   total reserved 2097152K, committed 179200K, used 160705K [0x0000000080000000, 0x0000000100000000)
  region size 1024K, 53 young (54272K), 3 survivors (3072K)
 Metaspace       used 88154K, committed 90496K, reserved 557056K
  class space    used 12686K, committed 13760K, reserved 425984K
}
Event: 147.690 GC heap after
{Heap after GC invocations=44 (full 0):
 garbage-first heap   total reserved 2097152K, committed 179200K, used 109597K [0x0000000080000000, 0x0000000100000000)
  region size 1024K, 5 young (5120K), 5 survivors (5120K)
 Metaspace       used 88154K, committed 90496K, reserved 557056K
  class space    used 12686K, committed 13760K, reserved 425984K
}

