# JRE version: Java(TM) SE Runtime Environment (23.0.2+7) (build 23.0.2+7-58)
# Java VM: Java HotSpot(TM) 64-Bit Server VM (23.0.2+7-58, mixed mode, sharing, tiered, compressed oops, compressed class ptrs, g1 gc, windows-amd64)
GC Precious Log:
 CardTable entry size: 512
 Card Set container configuration: InlinePtr #cards 5 size 8 Array Of Cards #cards 10 size 36 Howl #buckets 4 coarsen threshold 1843 Howl Bitmap #cards 512 size 80 coarsen threshold 460 Card regions per heap region 1 cards per card region 2048
 CPUs: 8 total, 8 available
 Memory: 7941M
 Large Page Support: Disabled
 NUMA Support: Disabled
 Compressed Oops: Enabled (32-bit)
 Heap Region Size: 1M
 Heap Min Capacity: 8M
 Heap Initial Capacity: 126M
 Heap Max Capacity: 2G
 Pre-touch: Disabled
 Parallel Workers: 8
 Concurrent Workers: 2
 Concurrent Refinement Workers: 8
 Periodic GC: Disabled
Heap:
 garbage-first heap   total reserved 2097152K, committed 198656K, used 172652K [0x0000000080000000, 0x0000000100000000)
  region size 1024K, 60 young (61440K), 6 survivors (6144K)
 Metaspace       used 101677K, committed 104256K, reserved 557056K
  class space    used 14771K, committed 15936K, reserved 425984K
GC Heap History (20 events):
Event: 120.593 GC heap before
{Heap before GC invocations=41 (full 0):
 garbage-first heap   total reserved 2097152K, committed 163840K, used 145243K [0x0000000080000000, 0x0000000100000000)
  region size 1024K, 50 young (51200K), 4 survivors (4096K)
 Metaspace       used 79102K, committed 81408K, reserved 557056K
  class space    used 11525K, committed 12608K, reserved 425984K
}
Event: 120.598 GC heap after
{Heap after GC invocations=42 (full 0):
 garbage-first heap   total reserved 2097152K, committed 163840K, used 95348K [0x0000000080000000, 0x0000000100000000)
  region size 1024K, 5 young (5120K), 5 survivors (5120K)
 Metaspace       used 79102K, committed 81408K, reserved 557056K
  class space    used 11525K, committed 12608K, reserved 425984K
}
Event: 120.733 GC heap before
{Heap before GC invocations=42 (full 0):
 garbage-first heap   total reserved 2097152K, committed 163840K, used 101492K [0x0000000080000000, 0x0000000100000000)
  region size 1024K, 12 young (12288K), 5 survivors (5120K)
 Metaspace       used 79146K, committed 81408K, reserved 557056K
  class space    used 11531K, committed 12608K, reserved 425984K
}
Event: 120.738 GC heap after
{Heap after GC invocations=43 (full 0):
 garbage-first heap   total reserved 2097152K, committed 163840K, used 96180K [0x0000000080000000, 0x0000000100000000)
  region size 1024K, 5 young (5120K), 5 survivors (5120K)
 Metaspace       used 79146K, committed 81408K, reserved 557056K
  class space    used 11531K, committed 12608K, reserved 425984K
}
Event: 122.268 GC heap before
{Heap before GC invocations=44 (full 0):
 garbage-first heap   total reserved 2097152K, committed 167936K, used 152500K [0x0000000080000000, 0x0000000100000000)
  region size 1024K, 54 young (55296K), 5 survivors (5120K)
 Metaspace       used 82265K, committed 84544K, reserved 557056K
  class space    used 11881K, committed 12928K, reserved 425984K
}
Event: 122.273 GC heap after
{Heap after GC invocations=45 (full 0):
 garbage-first heap   total reserved 2097152K, committed 167936K, used 105713K [0x0000000080000000, 0x0000000100000000)
  region size 1024K, 7 young (7168K), 7 survivors (7168K)
 Metaspace       used 82265K, committed 84544K, reserved 557056K
  class space    used 11881K, committed 12928K, reserved 425984K
}
Event: 123.241 GC heap before
{Heap before GC invocations=45 (full 0):
 garbage-first heap   total reserved 2097152K, committed 167936K, used 154865K [0x0000000080000000, 0x0000000100000000)
  region size 1024K, 51 young (52224K), 7 survivors (7168K)
 Metaspace       used 84469K, committed 86720K, reserved 557056K
  class space    used 12187K, committed 13248K, reserved 425984K
}
Event: 123.250 GC heap after
{Heap after GC invocations=46 (full 0):
 garbage-first heap   total reserved 2097152K, committed 169984K, used 108665K [0x0000000080000000, 0x0000000100000000)
  region size 1024K, 5 young (5120K), 5 survivors (5120K)
 Metaspace       used 84469K, committed 86720K, reserved 557056K
  class space    used 12187K, committed 13248K, reserved 425984K
}
Event: 124.903 GC heap before
{Heap before GC invocations=46 (full 0):
 garbage-first heap   total reserved 2097152K, committed 169984K, used 153721K [0x0000000080000000, 0x0000000100000000)
  region size 1024K, 49 young (50176K), 5 survivors (5120K)
 Metaspace       used 87478K, committed 89792K, reserved 557056K
  class space    used 12559K, committed 13632K, reserved 425984K
}
Event: 124.909 GC heap after
{Heap after GC invocations=47 (full 0):
 garbage-first heap   total reserved 2097152K, committed 169984K, used 110991K [0x0000000080000000, 0x0000000100000000)
  region size 1024K, 3 young (3072K), 3 survivors (3072K)
 Metaspace       used 87478K, committed 89792K, reserved 557056K
  class space    used 12559K, committed 13632K, reserved 425984K
}
Event: 126.534 GC heap before
{Heap before GC invocations=48 (full 0):
 garbage-first heap   total reserved 2097152K, committed 186368K, used 158095K [0x0000000080000000, 0x0000000100000000)
  region size 1024K, 47 young (48128K), 3 survivors (3072K)
 Metaspace       used 90351K, committed 92608K, reserved 557056K
  class space    used 12981K, committed 14016K, reserved 425984K
}
Event: 126.539 GC heap after
{Heap after GC invocations=49 (full 0):
 garbage-first heap   total reserved 2097152K, committed 186368K, used 114556K [0x0000000080000000, 0x0000000100000000)
  region size 1024K, 4 young (4096K), 4 survivors (4096K)
 Metaspace       used 90351K, committed 92608K, reserved 557056K
  class space    used 12981K, committed 14016K, reserved 425984K
}
Event: 127.836 GC heap before
{Heap before GC invocations=49 (full 0):
 garbage-first heap   total reserved 2097152K, committed 186368K, used 169852K [0x0000000080000000, 0x0000000100000000)
  region size 1024K, 58 young (59392K), 4 survivors (4096K)
 Metaspace       used 91462K, committed 93760K, reserved 557056K
  class space    used 13159K, committed 14208K, reserved 425984K
}
Event: 127.847 GC heap after
{Heap after GC invocations=50 (full 0):
 garbage-first heap   total reserved 2097152K, committed 186368K, used 114701K [0x0000000080000000, 0x0000000100000000)
  region size 1024K, 7 young (7168K), 7 survivors (7168K)
 Metaspace       used 91462K, committed 93760K, reserved 557056K
  class space    used 13159K, committed 14208K, reserved 425984K
}
Event: 129.843 GC heap before
{Heap before GC invocations=50 (full 0):
 garbage-first heap   total reserved 2097152K, committed 186368K, used 156685K [0x0000000080000000, 0x0000000100000000)
  region size 1024K, 49 young (50176K), 7 survivors (7168K)
 Metaspace       used 93876K, committed 96256K, reserved 557056K
  class space    used 13511K, committed 14592K, reserved 425984K
}
Event: 129.857 GC heap after
{Heap after GC invocations=51 (full 0):
 garbage-first heap   total reserved 2097152K, committed 186368K, used 117223K [0x0000000080000000, 0x0000000100000000)
  region size 1024K, 6 young (6144K), 6 survivors (6144K)
 Metaspace       used 93876K, committed 96256K, reserved 557056K
  class space    used 13511K, committed 14592K, reserved 425984K
}
Event: 132.949 GC heap before
{Heap before GC invocations=52 (full 0):
 garbage-first heap   total reserved 2097152K, committed 198656K, used 169447K [0x0000000080000000, 0x0000000100000000)
  region size 1024K, 56 young (57344K), 6 survivors (6144K)
 Metaspace       used 96871K, committed 99264K, reserved 557056K
  class space    used 14104K, committed 15232K, reserved 425984K
}
Event: 132.958 GC heap after
{Heap after GC invocations=53 (full 0):
 garbage-first heap   total reserved 2097152K, committed 198656K, used 118626K [0x0000000080000000, 0x0000000100000000)
  region size 1024K, 4 young (4096K), 4 survivors (4096K)
 Metaspace       used 96871K, committed 99264K, reserved 557056K
  class space    used 14104K, committed 15232K, reserved 425984K
}
Event: 137.123 GC heap before
{Heap before GC invocations=53 (full 0):
 garbage-first heap   total reserved 2097152K, committed 198656K, used 181090K [0x0000000080000000, 0x0000000100000000)
  region size 1024K, 65 young (66560K), 4 survivors (4096K)
 Metaspace       used 100610K, committed 103040K, reserved 557056K
  class space    used 14610K, committed 15744K, reserved 425984K
}
Event: 137.138 GC heap after
{Heap after GC invocations=54 (full 0):
 garbage-first heap   total reserved 2097152K, committed 198656K, used 119404K [0x0000000080000000, 0x0000000100000000)
  region size 1024K, 6 young (6144K), 6 survivors (6144K)
 Metaspace       used 100610K, committed 103040K, reserved 557056K
  class space    used 14610K, committed 15744K, reserved 425984K
}

