# JRE version: Java(TM) SE Runtime Environment (23.0.2+7) (build 23.0.2+7-58)
# Java VM: Java HotSpot(TM) 64-Bit Server VM (23.0.2+7-58, mixed mode, sharing, tiered, compressed oops, compressed class ptrs, g1 gc, windows-amd64)
GC Precious Log:
 CardTable entry size: 512
 Card Set container configuration: InlinePtr #cards 5 size 8 Array Of Cards #cards 10 size 36 Howl #buckets 4 coarsen threshold 1843 Howl Bitmap #cards 512 size 80 coarsen threshold 460 Card regions per heap region 1 cards per card region 2048
 CPUs: 8 total, 8 available
 Memory: 7941M
 Large Page Support: Disabled
 NUMA Support: Disabled
 Compressed Oops: Enabled (32-bit)
 Heap Region Size: 1M
 Heap Min Capacity: 8M
 Heap Initial Capacity: 126M
 Heap Max Capacity: 1986M
 Pre-touch: Disabled
 Parallel Workers: 8
 Concurrent Workers: 2
 Concurrent Refinement Workers: 8
 Periodic GC: Disabled
Heap:
 garbage-first heap   total reserved 2033664K, committed 91136K, used 64391K [0x0000000083e00000, 0x0000000100000000)
  region size 1024K, 10 young (10240K), 2 survivors (2048K)
 Metaspace       used 51300K, committed 52096K, reserved 1114112K
  class space    used 6278K, committed 6656K, reserved 1048576K
GC Heap History (20 events):
Event: 13.599 GC heap before
{Heap before GC invocations=9 (full 0):
 garbage-first heap   total reserved 2033664K, committed 60416K, used 49668K [0x0000000083e00000, 0x0000000100000000)
  region size 1024K, 21 young (21504K), 3 survivors (3072K)
 Metaspace       used 37746K, committed 38592K, reserved 1114112K
  class space    used 4797K, committed 5184K, reserved 1048576K
}
Event: 13.612 GC heap after
{Heap after GC invocations=10 (full 0):
 garbage-first heap   total reserved 2033664K, committed 60416K, used 32292K [0x0000000083e00000, 0x0000000100000000)
  region size 1024K, 2 young (2048K), 2 survivors (2048K)
 Metaspace       used 37746K, committed 38592K, reserved 1114112K
  class space    used 4797K, committed 5184K, reserved 1048576K
}
Event: 16.386 GC heap before
{Heap before GC invocations=10 (full 0):
 garbage-first heap   total reserved 2033664K, committed 60416K, used 50724K [0x0000000083e00000, 0x0000000100000000)
  region size 1024K, 20 young (20480K), 2 survivors (2048K)
 Metaspace       used 40629K, committed 41408K, reserved 1114112K
  class space    used 5103K, committed 5504K, reserved 1048576K
}
Event: 16.397 GC heap after
{Heap after GC invocations=11 (full 0):
 garbage-first heap   total reserved 2033664K, committed 60416K, used 34695K [0x0000000083e00000, 0x0000000100000000)
  region size 1024K, 3 young (3072K), 3 survivors (3072K)
 Metaspace       used 40629K, committed 41408K, reserved 1114112K
  class space    used 5103K, committed 5504K, reserved 1048576K
}
Event: 17.595 GC heap before
{Heap before GC invocations=12 (full 0):
 garbage-first heap   total reserved 2033664K, committed 60416K, used 52103K [0x0000000083e00000, 0x0000000100000000)
  region size 1024K, 20 young (20480K), 3 survivors (3072K)
 Metaspace       used 43559K, committed 44416K, reserved 1114112K
  class space    used 5479K, committed 5888K, reserved 1048576K
}
Event: 17.610 GC heap after
{Heap after GC invocations=13 (full 0):
 garbage-first heap   total reserved 2033664K, committed 60416K, used 36743K [0x0000000083e00000, 0x0000000100000000)
  region size 1024K, 2 young (2048K), 2 survivors (2048K)
 Metaspace       used 43559K, committed 44416K, reserved 1114112K
  class space    used 5479K, committed 5888K, reserved 1048576K
}
Event: 20.683 GC heap before
{Heap before GC invocations=13 (full 0):
 garbage-first heap   total reserved 2033664K, committed 60416K, used 53127K [0x0000000083e00000, 0x0000000100000000)
  region size 1024K, 18 young (18432K), 2 survivors (2048K)
 Metaspace       used 46532K, committed 47296K, reserved 1114112K
  class space    used 5904K, committed 6272K, reserved 1048576K
}
Event: 20.698 GC heap after
{Heap after GC invocations=14 (full 0):
 garbage-first heap   total reserved 2033664K, committed 72704K, used 38912K [0x0000000083e00000, 0x0000000100000000)
  region size 1024K, 3 young (3072K), 3 survivors (3072K)
 Metaspace       used 46532K, committed 47296K, reserved 1114112K
  class space    used 5904K, committed 6272K, reserved 1048576K
}
Event: 24.253 GC heap before
{Heap before GC invocations=14 (full 0):
 garbage-first heap   total reserved 2033664K, committed 72704K, used 61440K [0x0000000083e00000, 0x0000000100000000)
  region size 1024K, 25 young (25600K), 3 survivors (3072K)
 Metaspace       used 48792K, committed 49600K, reserved 1114112K
  class space    used 6120K, committed 6528K, reserved 1048576K
}
Event: 24.280 GC heap after
{Heap after GC invocations=15 (full 0):
 garbage-first heap   total reserved 2033664K, committed 72704K, used 44371K [0x0000000083e00000, 0x0000000100000000)
  region size 1024K, 4 young (4096K), 4 survivors (4096K)
 Metaspace       used 48792K, committed 49600K, reserved 1114112K
  class space    used 6120K, committed 6528K, reserved 1048576K
}
Event: 25.598 GC heap before
{Heap before GC invocations=16 (full 0):
 garbage-first heap   total reserved 2033664K, committed 75776K, used 62803K [0x0000000083e00000, 0x0000000100000000)
  region size 1024K, 22 young (22528K), 4 survivors (4096K)
 Metaspace       used 49473K, committed 50240K, reserved 1114112K
  class space    used 6157K, committed 6528K, reserved 1048576K
}
Event: 25.623 GC heap after
{Heap after GC invocations=17 (full 0):
 garbage-first heap   total reserved 2033664K, committed 75776K, used 49031K [0x0000000083e00000, 0x0000000100000000)
  region size 1024K, 3 young (3072K), 3 survivors (3072K)
 Metaspace       used 49473K, committed 50240K, reserved 1114112K
  class space    used 6157K, committed 6528K, reserved 1048576K
}
Event: 26.172 GC heap before
{Heap before GC invocations=17 (full 0):
 garbage-first heap   total reserved 2033664K, committed 75776K, used 66439K [0x0000000083e00000, 0x0000000100000000)
  region size 1024K, 20 young (20480K), 3 survivors (3072K)
 Metaspace       used 49618K, committed 50432K, reserved 1114112K
  class space    used 6160K, committed 6528K, reserved 1048576K
}
Event: 26.191 GC heap after
{Heap after GC invocations=18 (full 0):
 garbage-first heap   total reserved 2033664K, committed 75776K, used 50928K [0x0000000083e00000, 0x0000000100000000)
  region size 1024K, 3 young (3072K), 3 survivors (3072K)
 Metaspace       used 49618K, committed 50432K, reserved 1114112K
  class space    used 6160K, committed 6528K, reserved 1048576K
}
Event: 26.487 GC heap before
{Heap before GC invocations=18 (full 0):
 garbage-first heap   total reserved 2033664K, committed 75776K, used 67312K [0x0000000083e00000, 0x0000000100000000)
  region size 1024K, 19 young (19456K), 3 survivors (3072K)
 Metaspace       used 49680K, committed 50496K, reserved 1114112K
  class space    used 6160K, committed 6528K, reserved 1048576K
}
Event: 26.505 GC heap after
{Heap after GC invocations=19 (full 0):
 garbage-first heap   total reserved 2033664K, committed 75776K, used 54057K [0x0000000083e00000, 0x0000000100000000)
  region size 1024K, 3 young (3072K), 3 survivors (3072K)
 Metaspace       used 49680K, committed 50496K, reserved 1114112K
  class space    used 6160K, committed 6528K, reserved 1048576K
}
Event: 27.156 GC heap before
{Heap before GC invocations=20 (full 0):
 garbage-first heap   total reserved 2033664K, committed 91136K, used 67369K [0x0000000083e00000, 0x0000000100000000)
  region size 1024K, 16 young (16384K), 3 survivors (3072K)
 Metaspace       used 50282K, committed 51072K, reserved 1114112K
  class space    used 6222K, committed 6592K, reserved 1048576K
}
Event: 27.171 GC heap after
{Heap after GC invocations=21 (full 0):
 garbage-first heap   total reserved 2033664K, committed 91136K, used 56525K [0x0000000083e00000, 0x0000000100000000)
  region size 1024K, 2 young (2048K), 2 survivors (2048K)
 Metaspace       used 50282K, committed 51072K, reserved 1114112K
  class space    used 6222K, committed 6592K, reserved 1048576K
}
Event: 28.345 GC heap before
{Heap before GC invocations=21 (full 0):
 garbage-first heap   total reserved 2033664K, committed 91136K, used 79053K [0x0000000083e00000, 0x0000000100000000)
  region size 1024K, 24 young (24576K), 2 survivors (2048K)
 Metaspace       used 51067K, committed 51840K, reserved 1114112K
  class space    used 6273K, committed 6656K, reserved 1048576K
}
Event: 28.361 GC heap after
{Heap after GC invocations=22 (full 0):
 garbage-first heap   total reserved 2033664K, committed 91136K, used 57223K [0x0000000083e00000, 0x0000000100000000)
  region size 1024K, 2 young (2048K), 2 survivors (2048K)
 Metaspace       used 51067K, committed 51840K, reserved 1114112K
  class space    used 6273K, committed 6656K, reserved 1048576K
}

