# JRE version: Java(TM) SE Runtime Environment (23.0.2+7) (build 23.0.2+7-58)
# Java VM: Java HotSpot(TM) 64-Bit Server VM (23.0.2+7-58, mixed mode, sharing, tiered, compressed oops, compressed class ptrs, g1 gc, windows-amd64)
GC Precious Log:
 CardTable entry size: 512
 Card Set container configuration: InlinePtr #cards 5 size 8 Array Of Cards #cards 10 size 36 Howl #buckets 4 coarsen threshold 1843 Howl Bitmap #cards 512 size 80 coarsen threshold 460 Card regions per heap region 1 cards per card region 2048
 CPUs: 8 total, 8 available
 Memory: 7941M
 Large Page Support: Disabled
 NUMA Support: Disabled
 Compressed Oops: Enabled (32-bit)
 Heap Region Size: 1M
 Heap Min Capacity: 8M
 Heap Initial Capacity: 126M
 Heap Max Capacity: 2G
 Pre-touch: Disabled
 Parallel Workers: 8
 Concurrent Workers: 2
 Concurrent Refinement Workers: 8
 Periodic GC: Disabled
Heap:
 garbage-first heap   total reserved 2097152K, committed 191488K, used 122432K [0x0000000080000000, 0x0000000100000000)
  region size 1024K, 9 young (9216K), 8 survivors (8192K)
 Metaspace       used 100521K, committed 102976K, reserved 557056K
  class space    used 14597K, committed 15744K, reserved 425984K
GC Heap History (20 events):
Event: 30.614 GC heap before
{Heap before GC invocations=35 (full 0):
 garbage-first heap   total reserved 2097152K, committed 159744K, used 100293K [0x0000000080000000, 0x0000000100000000)
  region size 1024K, 11 young (11264K), 7 survivors (7168K)
 Metaspace       used 77346K, committed 79552K, reserved 557056K
  class space    used 11301K, committed 12352K, reserved 425984K
}
Event: 30.618 GC heap after
{Heap after GC invocations=36 (full 0):
 garbage-first heap   total reserved 2097152K, committed 159744K, used 98261K [0x0000000080000000, 0x0000000100000000)
  region size 1024K, 2 young (2048K), 2 survivors (2048K)
 Metaspace       used 77346K, committed 79552K, reserved 557056K
  class space    used 11301K, committed 12352K, reserved 425984K
}
Event: 31.898 GC heap before
{Heap before GC invocations=37 (full 0):
 garbage-first heap   total reserved 2097152K, committed 167936K, used 134101K [0x0000000080000000, 0x0000000100000000)
  region size 1024K, 37 young (37888K), 2 survivors (2048K)
 Metaspace       used 80319K, committed 82560K, reserved 557056K
  class space    used 11625K, committed 12672K, reserved 425984K
}
Event: 31.903 GC heap after
{Heap after GC invocations=38 (full 0):
 garbage-first heap   total reserved 2097152K, committed 167936K, used 99747K [0x0000000080000000, 0x0000000100000000)
  region size 1024K, 2 young (2048K), 2 survivors (2048K)
 Metaspace       used 80319K, committed 82560K, reserved 557056K
  class space    used 11625K, committed 12672K, reserved 425984K
}
Event: 34.459 GC heap before
{Heap before GC invocations=38 (full 0):
 garbage-first heap   total reserved 2097152K, committed 167936K, used 146851K [0x0000000080000000, 0x0000000100000000)
  region size 1024K, 44 young (45056K), 2 survivors (2048K)
 Metaspace       used 83216K, committed 85440K, reserved 557056K
  class space    used 12007K, committed 13056K, reserved 425984K
}
Event: 34.467 GC heap after
{Heap after GC invocations=39 (full 0):
 garbage-first heap   total reserved 2097152K, committed 167936K, used 102691K [0x0000000080000000, 0x0000000100000000)
  region size 1024K, 6 young (6144K), 6 survivors (6144K)
 Metaspace       used 83216K, committed 85440K, reserved 557056K
  class space    used 12007K, committed 13056K, reserved 425984K
}
Event: 36.304 GC heap before
{Heap before GC invocations=39 (full 0):
 garbage-first heap   total reserved 2097152K, committed 167936K, used 144675K [0x0000000080000000, 0x0000000100000000)
  region size 1024K, 48 young (49152K), 6 survivors (6144K)
 Metaspace       used 86112K, committed 88448K, reserved 557056K
  class space    used 12362K, committed 13440K, reserved 425984K
}
Event: 36.311 GC heap after
{Heap after GC invocations=40 (full 0):
 garbage-first heap   total reserved 2097152K, committed 167936K, used 105180K [0x0000000080000000, 0x0000000100000000)
  region size 1024K, 3 young (3072K), 3 survivors (3072K)
 Metaspace       used 86112K, committed 88448K, reserved 557056K
  class space    used 12362K, committed 13440K, reserved 425984K
}
Event: 38.001 GC heap before
{Heap before GC invocations=41 (full 0):
 garbage-first heap   total reserved 2097152K, committed 178176K, used 150236K [0x0000000080000000, 0x0000000100000000)
  region size 1024K, 45 young (46080K), 3 survivors (3072K)
 Metaspace       used 88902K, committed 91200K, reserved 557056K
  class space    used 12789K, committed 13888K, reserved 425984K
}
Event: 38.006 GC heap after
{Heap after GC invocations=42 (full 0):
 garbage-first heap   total reserved 2097152K, committed 178176K, used 108883K [0x0000000080000000, 0x0000000100000000)
  region size 1024K, 4 young (4096K), 4 survivors (4096K)
 Metaspace       used 88902K, committed 91200K, reserved 557056K
  class space    used 12789K, committed 13888K, reserved 425984K
}
Event: 39.512 GC heap before
{Heap before GC invocations=42 (full 0):
 garbage-first heap   total reserved 2097152K, committed 178176K, used 159059K [0x0000000080000000, 0x0000000100000000)
  region size 1024K, 53 young (54272K), 4 survivors (4096K)
 Metaspace       used 89826K, committed 92096K, reserved 557056K
  class space    used 12938K, committed 14016K, reserved 425984K
}
Event: 39.526 GC heap after
{Heap after GC invocations=43 (full 0):
 garbage-first heap   total reserved 2097152K, committed 178176K, used 110449K [0x0000000080000000, 0x0000000100000000)
  region size 1024K, 5 young (5120K), 5 survivors (5120K)
 Metaspace       used 89826K, committed 92096K, reserved 557056K
  class space    used 12938K, committed 14016K, reserved 425984K
}
Event: 43.959 GC heap before
{Heap before GC invocations=43 (full 0):
 garbage-first heap   total reserved 2097152K, committed 178176K, used 149361K [0x0000000080000000, 0x0000000100000000)
  region size 1024K, 44 young (45056K), 5 survivors (5120K)
 Metaspace       used 92242K, committed 94592K, reserved 557056K
  class space    used 13290K, committed 14400K, reserved 425984K
}
Event: 43.971 GC heap after
{Heap after GC invocations=44 (full 0):
 garbage-first heap   total reserved 2097152K, committed 178176K, used 112866K [0x0000000080000000, 0x0000000100000000)
  region size 1024K, 6 young (6144K), 6 survivors (6144K)
 Metaspace       used 92242K, committed 94592K, reserved 557056K
  class space    used 13290K, committed 14400K, reserved 425984K
}
Event: 46.965 GC heap before
{Heap before GC invocations=45 (full 0):
 garbage-first heap   total reserved 2097152K, committed 191488K, used 162018K [0x0000000080000000, 0x0000000100000000)
  region size 1024K, 53 young (54272K), 6 survivors (6144K)
 Metaspace       used 95212K, committed 97600K, reserved 557056K
  class space    used 13870K, committed 14976K, reserved 425984K
}
Event: 46.973 GC heap after
{Heap after GC invocations=46 (full 0):
 garbage-first heap   total reserved 2097152K, committed 191488K, used 113761K [0x0000000080000000, 0x0000000100000000)
  region size 1024K, 3 young (3072K), 3 survivors (3072K)
 Metaspace       used 95212K, committed 97600K, reserved 557056K
  class space    used 13870K, committed 14976K, reserved 425984K
}
Event: 51.253 GC heap before
{Heap before GC invocations=46 (full 0):
 garbage-first heap   total reserved 2097152K, committed 191488K, used 174177K [0x0000000080000000, 0x0000000100000000)
  region size 1024K, 62 young (63488K), 3 survivors (3072K)
 Metaspace       used 99019K, committed 101440K, reserved 557056K
  class space    used 14388K, committed 15552K, reserved 425984K
}
Event: 51.265 GC heap after
{Heap after GC invocations=47 (full 0):
 garbage-first heap   total reserved 2097152K, committed 191488K, used 114863K [0x0000000080000000, 0x0000000100000000)
  region size 1024K, 6 young (6144K), 6 survivors (6144K)
 Metaspace       used 99019K, committed 101440K, reserved 557056K
  class space    used 14388K, committed 15552K, reserved 425984K
}
Event: 55.454 GC heap before
{Heap before GC invocations=47 (full 0):
 garbage-first heap   total reserved 2097152K, committed 191488K, used 173231K [0x0000000080000000, 0x0000000100000000)
  region size 1024K, 64 young (65536K), 6 survivors (6144K)
 Metaspace       used 100514K, committed 102976K, reserved 557056K
  class space    used 14597K, committed 15744K, reserved 425984K
}
Event: 55.474 GC heap after
{Heap after GC invocations=48 (full 0):
 garbage-first heap   total reserved 2097152K, committed 191488K, used 122432K [0x0000000080000000, 0x0000000100000000)
  region size 1024K, 8 young (8192K), 8 survivors (8192K)
 Metaspace       used 100514K, committed 102976K, reserved 557056K
  class space    used 14597K, committed 15744K, reserved 425984K
}

