# JRE version: Java(TM) SE Runtime Environment (23.0.2+7) (build 23.0.2+7-58)
# Java VM: Java HotSpot(TM) 64-Bit Server VM (23.0.2+7-58, mixed mode, sharing, tiered, compressed oops, compressed class ptrs, g1 gc, windows-amd64)
GC Precious Log:
 CardTable entry size: 512
 Card Set container configuration: InlinePtr #cards 5 size 8 Array Of Cards #cards 10 size 36 Howl #buckets 4 coarsen threshold 1843 Howl Bitmap #cards 512 size 80 coarsen threshold 460 Card regions per heap region 1 cards per card region 2048
 CPUs: 8 total, 8 available
 Memory: 7941M
 Large Page Support: Disabled
 NUMA Support: Disabled
 Compressed Oops: Enabled (32-bit)
 Heap Region Size: 1M
 Heap Min Capacity: 8M
 Heap Initial Capacity: 126M
 Heap Max Capacity: 2G
 Pre-touch: Disabled
 Parallel Workers: 8
 Concurrent Workers: 2
 Concurrent Refinement Workers: 8
 Periodic GC: Disabled
Heap:
 garbage-first heap   total reserved 2097152K, committed 199680K, used 131508K [0x0000000080000000, 0x0000000100000000)
  region size 1024K, 17 young (17408K), 4 survivors (4096K)
 Metaspace       used 92807K, committed 95232K, reserved 557056K
  class space    used 13403K, committed 14528K, reserved 425984K
GC Heap History (20 events):
Event: 17.389 GC heap before
{Heap before GC invocations=29 (full 0):
 garbage-first heap   total reserved 2097152K, committed 152576K, used 119801K [0x0000000080000000, 0x0000000100000000)
  region size 1024K, 35 young (35840K), 5 survivors (5120K)
 Metaspace       used 76243K, committed 78464K, reserved 557056K
  class space    used 11192K, committed 12224K, reserved 425984K
}
Event: 17.398 GC heap after
{Heap after GC invocations=30 (full 0):
 garbage-first heap   total reserved 2097152K, committed 152576K, used 91645K [0x0000000080000000, 0x0000000100000000)
  region size 1024K, 4 young (4096K), 4 survivors (4096K)
 Metaspace       used 76243K, committed 78464K, reserved 557056K
  class space    used 11192K, committed 12224K, reserved 425984K
}
Event: 17.968 GC heap before
{Heap before GC invocations=30 (full 0):
 garbage-first heap   total reserved 2097152K, committed 152576K, used 136701K [0x0000000080000000, 0x0000000100000000)
  region size 1024K, 49 young (50176K), 4 survivors (4096K)
 Metaspace       used 76251K, committed 78464K, reserved 557056K
  class space    used 11193K, committed 12224K, reserved 425984K
}
Event: 17.980 GC heap after
{Heap after GC invocations=31 (full 0):
 garbage-first heap   total reserved 2097152K, committed 152576K, used 89311K [0x0000000080000000, 0x0000000100000000)
  region size 1024K, 5 young (5120K), 5 survivors (5120K)
 Metaspace       used 76251K, committed 78464K, reserved 557056K
  class space    used 11193K, committed 12224K, reserved 425984K
}
Event: 18.890 GC heap before
{Heap before GC invocations=31 (full 0):
 garbage-first heap   total reserved 2097152K, committed 152576K, used 117983K [0x0000000080000000, 0x0000000100000000)
  region size 1024K, 34 young (34816K), 5 survivors (5120K)
 Metaspace       used 76277K, committed 78528K, reserved 557056K
  class space    used 11197K, committed 12288K, reserved 425984K
}
Event: 18.899 GC heap after
{Heap after GC invocations=32 (full 0):
 garbage-first heap   total reserved 2097152K, committed 183296K, used 90596K [0x0000000080000000, 0x0000000100000000)
  region size 1024K, 4 young (4096K), 4 survivors (4096K)
 Metaspace       used 76277K, committed 78528K, reserved 557056K
  class space    used 11197K, committed 12288K, reserved 425984K
}
Event: 18.920 GC heap before
{Heap before GC invocations=32 (full 0):
 garbage-first heap   total reserved 2097152K, committed 183296K, used 91620K [0x0000000080000000, 0x0000000100000000)
  region size 1024K, 5 young (5120K), 4 survivors (4096K)
 Metaspace       used 76277K, committed 78528K, reserved 557056K
  class space    used 11197K, committed 12288K, reserved 425984K
}
Event: 18.924 GC heap after
{Heap after GC invocations=33 (full 0):
 garbage-first heap   total reserved 2097152K, committed 183296K, used 91486K [0x0000000080000000, 0x0000000100000000)
  region size 1024K, 4 young (4096K), 4 survivors (4096K)
 Metaspace       used 76277K, committed 78528K, reserved 557056K
  class space    used 11197K, committed 12288K, reserved 425984K
}
Event: 21.198 GC heap before
{Heap before GC invocations=34 (full 0):
 garbage-first heap   total reserved 2097152K, committed 183296K, used 167262K [0x0000000080000000, 0x0000000100000000)
  region size 1024K, 73 young (74752K), 4 survivors (4096K)
 Metaspace       used 80914K, committed 83200K, reserved 557056K
  class space    used 11735K, committed 12800K, reserved 425984K
}
Event: 21.206 GC heap after
{Heap after GC invocations=35 (full 0):
 garbage-first heap   total reserved 2097152K, committed 183296K, used 103527K [0x0000000080000000, 0x0000000100000000)
  region size 1024K, 10 young (10240K), 10 survivors (10240K)
 Metaspace       used 80914K, committed 83200K, reserved 557056K
  class space    used 11735K, committed 12800K, reserved 425984K
}
Event: 22.170 GC heap before
{Heap before GC invocations=35 (full 0):
 garbage-first heap   total reserved 2097152K, committed 183296K, used 165991K [0x0000000080000000, 0x0000000100000000)
  region size 1024K, 67 young (68608K), 10 survivors (10240K)
 Metaspace       used 84955K, committed 87168K, reserved 557056K
  class space    used 12257K, committed 13312K, reserved 425984K
}
Event: 22.187 GC heap after
{Heap after GC invocations=36 (full 0):
 garbage-first heap   total reserved 2097152K, committed 187392K, used 108813K [0x0000000080000000, 0x0000000100000000)
  region size 1024K, 6 young (6144K), 6 survivors (6144K)
 Metaspace       used 84955K, committed 87168K, reserved 557056K
  class space    used 12257K, committed 13312K, reserved 425984K
}
Event: 22.524 GC heap before
{Heap before GC invocations=36 (full 0):
 garbage-first heap   total reserved 2097152K, committed 187392K, used 128269K [0x0000000080000000, 0x0000000100000000)
  region size 1024K, 26 young (26624K), 6 survivors (6144K)
 Metaspace       used 86202K, committed 88512K, reserved 557056K
  class space    used 12427K, committed 13504K, reserved 425984K
}
Event: 22.528 GC heap after
{Heap after GC invocations=37 (full 0):
 garbage-first heap   total reserved 2097152K, committed 187392K, used 110384K [0x0000000080000000, 0x0000000100000000)
  region size 1024K, 2 young (2048K), 2 survivors (2048K)
 Metaspace       used 86202K, committed 88512K, reserved 557056K
  class space    used 12427K, committed 13504K, reserved 425984K
}
Event: 23.571 GC heap before
{Heap before GC invocations=38 (full 0):
 garbage-first heap   total reserved 2097152K, committed 189440K, used 171824K [0x0000000080000000, 0x0000000100000000)
  region size 1024K, 60 young (61440K), 2 survivors (2048K)
 Metaspace       used 89653K, committed 91968K, reserved 557056K
  class space    used 12946K, committed 14016K, reserved 425984K
}
Event: 23.576 GC heap after
{Heap after GC invocations=39 (full 0):
 garbage-first heap   total reserved 2097152K, committed 189440K, used 115328K [0x0000000080000000, 0x0000000100000000)
  region size 1024K, 5 young (5120K), 5 survivors (5120K)
 Metaspace       used 89653K, committed 91968K, reserved 557056K
  class space    used 12946K, committed 14016K, reserved 425984K
}
Event: 24.195 GC heap before
{Heap before GC invocations=39 (full 0):
 garbage-first heap   total reserved 2097152K, committed 189440K, used 172672K [0x0000000080000000, 0x0000000100000000)
  region size 1024K, 61 young (62464K), 5 survivors (5120K)
 Metaspace       used 91308K, committed 93632K, reserved 557056K
  class space    used 13176K, committed 14272K, reserved 425984K
}
Event: 24.204 GC heap after
{Heap after GC invocations=40 (full 0):
 garbage-first heap   total reserved 2097152K, committed 189440K, used 117301K [0x0000000080000000, 0x0000000100000000)
  region size 1024K, 8 young (8192K), 8 survivors (8192K)
 Metaspace       used 91308K, committed 93632K, reserved 557056K
  class space    used 13176K, committed 14272K, reserved 425984K
}
Event: 24.404 GC heap before
{Heap before GC invocations=40 (full 0):
 garbage-first heap   total reserved 2097152K, committed 189440K, used 130613K [0x0000000080000000, 0x0000000100000000)
  region size 1024K, 22 young (22528K), 8 survivors (8192K)
 Metaspace       used 92141K, committed 94464K, reserved 557056K
  class space    used 13307K, committed 14400K, reserved 425984K
}
Event: 24.413 GC heap after
{Heap after GC invocations=41 (full 0):
 garbage-first heap   total reserved 2097152K, committed 189440K, used 118196K [0x0000000080000000, 0x0000000100000000)
  region size 1024K, 4 young (4096K), 4 survivors (4096K)
 Metaspace       used 92141K, committed 94464K, reserved 557056K
  class space    used 13307K, committed 14400K, reserved 425984K
}

