# JRE version: Java(TM) SE Runtime Environment (23.0.2+7) (build 23.0.2+7-58)
# Java VM: Java HotSpot(TM) 64-Bit Server VM (23.0.2+7-58, mixed mode, sharing, tiered, compressed oops, compressed class ptrs, g1 gc, windows-amd64)
GC Precious Log:
 CardTable entry size: 512
 Card Set container configuration: InlinePtr #cards 5 size 8 Array Of Cards #cards 10 size 36 Howl #buckets 4 coarsen threshold 1843 Howl Bitmap #cards 512 size 80 coarsen threshold 460 Card regions per heap region 1 cards per card region 2048
 CPUs: 8 total, 8 available
 Memory: 7941M
 Large Page Support: Disabled
 NUMA Support: Disabled
 Compressed Oops: Enabled (32-bit)
 Heap Region Size: 1M
 Heap Min Capacity: 8M
 Heap Initial Capacity: 126M
 Heap Max Capacity: 2G
 Pre-touch: Disabled
 Parallel Workers: 8
 Concurrent Workers: 2
 Concurrent Refinement Workers: 8
 Periodic GC: Disabled
Heap:
 garbage-first heap   total reserved 2097152K, committed 188416K, used 121349K [0x0000000080000000, 0x0000000100000000)
  region size 1024K, 13 young (13312K), 5 survivors (5120K)
 Metaspace       used 99573K, committed 102016K, reserved 557056K
  class space    used 14452K, committed 15616K, reserved 425984K
GC Heap History (20 events):
Event: 78.595 GC heap before
{Heap before GC invocations=38 (full 0):
 garbage-first heap   total reserved 2097152K, committed 153600K, used 139011K [0x0000000080000000, 0x0000000100000000)
  region size 1024K, 43 young (44032K), 6 survivors (6144K)
 Metaspace       used 82652K, committed 84928K, reserved 557056K
  class space    used 11899K, committed 12992K, reserved 425984K
}
Event: 78.605 GC heap after
{Heap after GC invocations=39 (full 0):
 garbage-first heap   total reserved 2097152K, committed 153600K, used 103361K [0x0000000080000000, 0x0000000100000000)
  region size 1024K, 4 young (4096K), 4 survivors (4096K)
 Metaspace       used 82652K, committed 84928K, reserved 557056K
  class space    used 11899K, committed 12992K, reserved 425984K
}
Event: 78.616 GC heap before
{Heap before GC invocations=39 (full 0):
 garbage-first heap   total reserved 2097152K, committed 153600K, used 104385K [0x0000000080000000, 0x0000000100000000)
  region size 1024K, 6 young (6144K), 4 survivors (4096K)
 Metaspace       used 82652K, committed 84928K, reserved 557056K
  class space    used 11899K, committed 12992K, reserved 425984K
}
Event: 78.627 GC heap after
{Heap after GC invocations=40 (full 0):
 garbage-first heap   total reserved 2097152K, committed 153600K, used 104713K [0x0000000080000000, 0x0000000100000000)
  region size 1024K, 2 young (2048K), 2 survivors (2048K)
 Metaspace       used 82652K, committed 84928K, reserved 557056K
  class space    used 11899K, committed 12992K, reserved 425984K
}
Event: 79.366 GC heap before
{Heap before GC invocations=41 (full 0):
 garbage-first heap   total reserved 2097152K, committed 183296K, used 132361K [0x0000000080000000, 0x0000000100000000)
  region size 1024K, 25 young (25600K), 2 survivors (2048K)
 Metaspace       used 83664K, committed 85888K, reserved 557056K
  class space    used 12056K, committed 13120K, reserved 425984K
}
Event: 79.371 GC heap after
{Heap after GC invocations=42 (full 0):
 garbage-first heap   total reserved 2097152K, committed 183296K, used 107374K [0x0000000080000000, 0x0000000100000000)
  region size 1024K, 2 young (2048K), 2 survivors (2048K)
 Metaspace       used 83664K, committed 85888K, reserved 557056K
  class space    used 12056K, committed 13120K, reserved 425984K
}
Event: 81.647 GC heap before
{Heap before GC invocations=42 (full 0):
 garbage-first heap   total reserved 2097152K, committed 183296K, used 149358K [0x0000000080000000, 0x0000000100000000)
  region size 1024K, 43 young (44032K), 2 survivors (2048K)
 Metaspace       used 86390K, committed 88704K, reserved 557056K
  class space    used 12420K, committed 13504K, reserved 425984K
}
Event: 81.653 GC heap after
{Heap after GC invocations=43 (full 0):
 garbage-first heap   total reserved 2097152K, committed 183296K, used 106321K [0x0000000080000000, 0x0000000100000000)
  region size 1024K, 4 young (4096K), 4 survivors (4096K)
 Metaspace       used 86390K, committed 88704K, reserved 557056K
  class space    used 12420K, committed 13504K, reserved 425984K
}
Event: 81.656 GC heap before
{Heap before GC invocations=43 (full 0):
 garbage-first heap   total reserved 2097152K, committed 183296K, used 106321K [0x0000000080000000, 0x0000000100000000)
  region size 1024K, 5 young (5120K), 4 survivors (4096K)
 Metaspace       used 86390K, committed 88704K, reserved 557056K
  class space    used 12420K, committed 13504K, reserved 425984K
}
Event: 81.661 GC heap after
{Heap after GC invocations=44 (full 0):
 garbage-first heap   total reserved 2097152K, committed 183296K, used 106459K [0x0000000080000000, 0x0000000100000000)
  region size 1024K, 3 young (3072K), 3 survivors (3072K)
 Metaspace       used 86390K, committed 88704K, reserved 557056K
  class space    used 12420K, committed 13504K, reserved 425984K
}
Event: 83.473 GC heap before
{Heap before GC invocations=45 (full 0):
 garbage-first heap   total reserved 2097152K, committed 183296K, used 155611K [0x0000000080000000, 0x0000000100000000)
  region size 1024K, 50 young (51200K), 3 survivors (3072K)
 Metaspace       used 89624K, committed 91904K, reserved 557056K
  class space    used 12879K, committed 13952K, reserved 425984K
}
Event: 83.480 GC heap after
{Heap after GC invocations=46 (full 0):
 garbage-first heap   total reserved 2097152K, committed 183296K, used 109253K [0x0000000080000000, 0x0000000100000000)
  region size 1024K, 4 young (4096K), 4 survivors (4096K)
 Metaspace       used 89624K, committed 91904K, reserved 557056K
  class space    used 12879K, committed 13952K, reserved 425984K
}
Event: 85.021 GC heap before
{Heap before GC invocations=46 (full 0):
 garbage-first heap   total reserved 2097152K, committed 183296K, used 159429K [0x0000000080000000, 0x0000000100000000)
  region size 1024K, 53 young (54272K), 4 survivors (4096K)
 Metaspace       used 90386K, committed 92672K, reserved 557056K
  class space    used 12998K, committed 14080K, reserved 425984K
}
Event: 85.042 GC heap after
{Heap after GC invocations=47 (full 0):
 garbage-first heap   total reserved 2097152K, committed 183296K, used 110781K [0x0000000080000000, 0x0000000100000000)
  region size 1024K, 6 young (6144K), 6 survivors (6144K)
 Metaspace       used 90386K, committed 92672K, reserved 557056K
  class space    used 12998K, committed 14080K, reserved 425984K
}
Event: 86.900 GC heap before
{Heap before GC invocations=47 (full 0):
 garbage-first heap   total reserved 2097152K, committed 183296K, used 141501K [0x0000000080000000, 0x0000000100000000)
  region size 1024K, 37 young (37888K), 6 survivors (6144K)
 Metaspace       used 92395K, committed 94784K, reserved 557056K
  class space    used 13299K, committed 14400K, reserved 425984K
}
Event: 86.907 GC heap after
{Heap after GC invocations=48 (full 0):
 garbage-first heap   total reserved 2097152K, committed 183296K, used 112297K [0x0000000080000000, 0x0000000100000000)
  region size 1024K, 5 young (5120K), 5 survivors (5120K)
 Metaspace       used 92395K, committed 94784K, reserved 557056K
  class space    used 13299K, committed 14400K, reserved 425984K
}
Event: 90.760 GC heap before
{Heap before GC invocations=49 (full 0):
 garbage-first heap   total reserved 2097152K, committed 188416K, used 164521K [0x0000000080000000, 0x0000000100000000)
  region size 1024K, 56 young (57344K), 5 survivors (5120K)
 Metaspace       used 95647K, committed 98048K, reserved 557056K
  class space    used 13931K, committed 15040K, reserved 425984K
}
Event: 90.769 GC heap after
{Heap after GC invocations=50 (full 0):
 garbage-first heap   total reserved 2097152K, committed 188416K, used 112825K [0x0000000080000000, 0x0000000100000000)
  region size 1024K, 3 young (3072K), 3 survivors (3072K)
 Metaspace       used 95647K, committed 98048K, reserved 557056K
  class space    used 13931K, committed 15040K, reserved 425984K
}
Event: 94.103 GC heap before
{Heap before GC invocations=50 (full 0):
 garbage-first heap   total reserved 2097152K, committed 188416K, used 169145K [0x0000000080000000, 0x0000000100000000)
  region size 1024K, 58 young (59392K), 3 survivors (3072K)
 Metaspace       used 99207K, committed 101696K, reserved 557056K
  class space    used 14395K, committed 15552K, reserved 425984K
}
Event: 94.114 GC heap after
{Heap after GC invocations=51 (full 0):
 garbage-first heap   total reserved 2097152K, committed 188416K, used 114181K [0x0000000080000000, 0x0000000100000000)
  region size 1024K, 5 young (5120K), 5 survivors (5120K)
 Metaspace       used 99207K, committed 101696K, reserved 557056K
  class space    used 14395K, committed 15552K, reserved 425984K
}

