# JRE version: Java(TM) SE Runtime Environment (23.0.2+7) (build 23.0.2+7-58)
# Java VM: Java HotSpot(TM) 64-Bit Server VM (23.0.2+7-58, mixed mode, sharing, tiered, compressed oops, compressed class ptrs, g1 gc, windows-amd64)
GC Precious Log:
 CardTable entry size: 512
 Card Set container configuration: InlinePtr #cards 5 size 8 Array Of Cards #cards 10 size 36 Howl #buckets 4 coarsen threshold 1843 Howl Bitmap #cards 512 size 80 coarsen threshold 460 Card regions per heap region 1 cards per card region 2048
 CPUs: 8 total, 8 available
 Memory: 7941M
 Large Page Support: Disabled
 NUMA Support: Disabled
 Compressed Oops: Enabled (32-bit)
 Heap Region Size: 1M
 Heap Min Capacity: 8M
 Heap Initial Capacity: 126M
 Heap Max Capacity: 1986M
 Pre-touch: Disabled
 Parallel Workers: 8
 Concurrent Workers: 2
 Concurrent Refinement Workers: 8
 Periodic GC: Disabled
Heap:
 garbage-first heap   total reserved 2033664K, committed 94208K, used 72731K [0x0000000083e00000, 0x0000000100000000)
  region size 1024K, 21 young (21504K), 2 survivors (2048K)
 Metaspace       used 60839K, committed 61696K, reserved 1114112K
  class space    used 7233K, committed 7616K, reserved 1048576K
GC Heap History (20 events):
Event: 21.042 GC heap before
{Heap before GC invocations=11 (full 0):
 garbage-first heap   total reserved 2033664K, committed 59392K, used 49853K [0x0000000083e00000, 0x0000000100000000)
  region size 1024K, 23 young (23552K), 3 survivors (3072K)
 Metaspace       used 46660K, committed 47424K, reserved 1114112K
  class space    used 5962K, committed 6336K, reserved 1048576K
}
Event: 21.058 GC heap after
{Heap after GC invocations=12 (full 0):
 garbage-first heap   total reserved 2033664K, committed 59392K, used 33767K [0x0000000083e00000, 0x0000000100000000)
  region size 1024K, 3 young (3072K), 3 survivors (3072K)
 Metaspace       used 46660K, committed 47424K, reserved 1114112K
  class space    used 5962K, committed 6336K, reserved 1048576K
}
Event: 21.942 GC heap before
{Heap before GC invocations=13 (full 0):
 garbage-first heap   total reserved 2033664K, committed 59392K, used 52199K [0x0000000083e00000, 0x0000000100000000)
  region size 1024K, 21 young (21504K), 3 survivors (3072K)
 Metaspace       used 46868K, committed 47616K, reserved 1114112K
  class space    used 5965K, committed 6336K, reserved 1048576K
}
Event: 21.959 GC heap after
{Heap after GC invocations=14 (full 0):
 garbage-first heap   total reserved 2033664K, committed 59392K, used 37402K [0x0000000083e00000, 0x0000000100000000)
  region size 1024K, 3 young (3072K), 3 survivors (3072K)
 Metaspace       used 46868K, committed 47616K, reserved 1114112K
  class space    used 5965K, committed 6336K, reserved 1048576K
}
Event: 22.760 GC heap before
{Heap before GC invocations=14 (full 0):
 garbage-first heap   total reserved 2033664K, committed 59392K, used 51738K [0x0000000083e00000, 0x0000000100000000)
  region size 1024K, 17 young (17408K), 3 survivors (3072K)
 Metaspace       used 47135K, committed 47936K, reserved 1114112K
  class space    used 5983K, committed 6400K, reserved 1048576K
}
Event: 22.777 GC heap after
{Heap after GC invocations=15 (full 0):
 garbage-first heap   total reserved 2033664K, committed 71680K, used 40105K [0x0000000083e00000, 0x0000000100000000)
  region size 1024K, 3 young (3072K), 3 survivors (3072K)
 Metaspace       used 47135K, committed 47936K, reserved 1114112K
  class space    used 5983K, committed 6400K, reserved 1048576K
}
Event: 24.106 GC heap before
{Heap before GC invocations=15 (full 0):
 garbage-first heap   total reserved 2033664K, committed 71680K, used 61609K [0x0000000083e00000, 0x0000000100000000)
  region size 1024K, 24 young (24576K), 3 survivors (3072K)
 Metaspace       used 47799K, committed 48640K, reserved 1114112K
  class space    used 6066K, committed 6464K, reserved 1048576K
}
Event: 24.124 GC heap after
{Heap after GC invocations=16 (full 0):
 garbage-first heap   total reserved 2033664K, committed 71680K, used 43332K [0x0000000083e00000, 0x0000000100000000)
  region size 1024K, 3 young (3072K), 3 survivors (3072K)
 Metaspace       used 47799K, committed 48640K, reserved 1114112K
  class space    used 6066K, committed 6464K, reserved 1048576K
}
Event: 25.618 GC heap before
{Heap before GC invocations=17 (full 0):
 garbage-first heap   total reserved 2033664K, committed 73728K, used 62788K [0x0000000083e00000, 0x0000000100000000)
  region size 1024K, 22 young (22528K), 3 survivors (3072K)
 Metaspace       used 49249K, committed 50048K, reserved 1114112K
  class space    used 6209K, committed 6592K, reserved 1048576K
}
Event: 25.630 GC heap after
{Heap after GC invocations=18 (full 0):
 garbage-first heap   total reserved 2033664K, committed 73728K, used 45901K [0x0000000083e00000, 0x0000000100000000)
  region size 1024K, 3 young (3072K), 3 survivors (3072K)
 Metaspace       used 49249K, committed 50048K, reserved 1114112K
  class space    used 6209K, committed 6592K, reserved 1048576K
}
Event: 27.800 GC heap before
{Heap before GC invocations=18 (full 0):
 garbage-first heap   total reserved 2033664K, committed 73728K, used 64333K [0x0000000083e00000, 0x0000000100000000)
  region size 1024K, 21 young (21504K), 3 survivors (3072K)
 Metaspace       used 51397K, committed 52160K, reserved 1114112K
  class space    used 6410K, committed 6784K, reserved 1048576K
}
Event: 27.818 GC heap after
{Heap after GC invocations=19 (full 0):
 garbage-first heap   total reserved 2033664K, committed 73728K, used 48141K [0x0000000083e00000, 0x0000000100000000)
  region size 1024K, 3 young (3072K), 3 survivors (3072K)
 Metaspace       used 51397K, committed 52160K, reserved 1114112K
  class space    used 6410K, committed 6784K, reserved 1048576K
}
Event: 33.052 GC heap before
{Heap before GC invocations=19 (full 0):
 garbage-first heap   total reserved 2033664K, committed 73728K, used 64525K [0x0000000083e00000, 0x0000000100000000)
  region size 1024K, 19 young (19456K), 3 survivors (3072K)
 Metaspace       used 52825K, committed 53632K, reserved 1114112K
  class space    used 6481K, committed 6848K, reserved 1048576K
}
Event: 33.070 GC heap after
{Heap after GC invocations=20 (full 0):
 garbage-first heap   total reserved 2033664K, committed 73728K, used 50055K [0x0000000083e00000, 0x0000000100000000)
  region size 1024K, 2 young (2048K), 2 survivors (2048K)
 Metaspace       used 52825K, committed 53632K, reserved 1114112K
  class space    used 6481K, committed 6848K, reserved 1048576K
}
Event: 38.135 GC heap before
{Heap before GC invocations=21 (full 0):
 garbage-first heap   total reserved 2033664K, committed 83968K, used 67463K [0x0000000083e00000, 0x0000000100000000)
  region size 1024K, 18 young (18432K), 2 survivors (2048K)
 Metaspace       used 53283K, committed 54080K, reserved 1114112K
  class space    used 6494K, committed 6912K, reserved 1048576K
}
Event: 38.149 GC heap after
{Heap after GC invocations=22 (full 0):
 garbage-first heap   total reserved 2033664K, committed 83968K, used 53106K [0x0000000083e00000, 0x0000000100000000)
  region size 1024K, 2 young (2048K), 2 survivors (2048K)
 Metaspace       used 53283K, committed 54080K, reserved 1114112K
  class space    used 6494K, committed 6912K, reserved 1048576K
}
Event: 40.348 GC heap before
{Heap before GC invocations=22 (full 0):
 garbage-first heap   total reserved 2033664K, committed 83968K, used 74610K [0x0000000083e00000, 0x0000000100000000)
  region size 1024K, 24 young (24576K), 2 survivors (2048K)
 Metaspace       used 54585K, committed 55424K, reserved 1114112K
  class space    used 6601K, committed 6976K, reserved 1048576K
}
Event: 40.368 GC heap after
{Heap after GC invocations=23 (full 0):
 garbage-first heap   total reserved 2033664K, committed 83968K, used 53801K [0x0000000083e00000, 0x0000000100000000)
  region size 1024K, 3 young (3072K), 3 survivors (3072K)
 Metaspace       used 54585K, committed 55424K, reserved 1114112K
  class space    used 6601K, committed 6976K, reserved 1048576K
}
Event: 43.870 GC heap before
{Heap before GC invocations=23 (full 0):
 garbage-first heap   total reserved 2033664K, committed 83968K, used 73257K [0x0000000083e00000, 0x0000000100000000)
  region size 1024K, 23 young (23552K), 3 survivors (3072K)
 Metaspace       used 58670K, committed 59456K, reserved 1114112K
  class space    used 7013K, committed 7360K, reserved 1048576K
}
Event: 43.885 GC heap after
{Heap after GC invocations=24 (full 0):
 garbage-first heap   total reserved 2033664K, committed 83968K, used 55323K [0x0000000083e00000, 0x0000000100000000)
  region size 1024K, 2 young (2048K), 2 survivors (2048K)
 Metaspace       used 58670K, committed 59456K, reserved 1114112K
  class space    used 7013K, committed 7360K, reserved 1048576K
}

