# JRE version: Java(TM) SE Runtime Environment (23.0.2+7) (build 23.0.2+7-58)
# Java VM: Java HotSpot(TM) 64-Bit Server VM (23.0.2+7-58, mixed mode, sharing, tiered, compressed oops, compressed class ptrs, g1 gc, windows-amd64)
GC Precious Log:
 CardTable entry size: 512
 Card Set container configuration: InlinePtr #cards 5 size 8 Array Of Cards #cards 10 size 36 Howl #buckets 4 coarsen threshold 1843 Howl Bitmap #cards 512 size 80 coarsen threshold 460 Card regions per heap region 1 cards per card region 2048
 CPUs: 8 total, 8 available
 Memory: 7941M
 Large Page Support: Disabled
 NUMA Support: Disabled
 Compressed Oops: Enabled (32-bit)
 Heap Region Size: 1M
 Heap Min Capacity: 8M
 Heap Initial Capacity: 126M
 Heap Max Capacity: 2G
 Pre-touch: Disabled
 Parallel Workers: 8
 Concurrent Workers: 2
 Concurrent Refinement Workers: 8
 Periodic GC: Disabled
Heap:
 garbage-first heap   total reserved 2097152K, committed 138240K, used 94816K [0x0000000080000000, 0x0000000100000000)
  region size 1024K, 12 young (12288K), 4 survivors (4096K)
 Metaspace       used 76426K, committed 78720K, reserved 557056K
  class space    used 11197K, committed 12288K, reserved 425984K
GC Heap History (20 events):
Event: 17.882 GC heap before
{Heap before GC invocations=19 (full 0):
 garbage-first heap   total reserved 2097152K, committed 100352K, used 88319K [0x0000000080000000, 0x0000000100000000)
  region size 1024K, 30 young (30720K), 5 survivors (5120K)
 Metaspace       used 65876K, committed 67968K, reserved 491520K
  class space    used 9706K, committed 10688K, reserved 425984K
}
Event: 17.887 GC heap after
{Heap after GC invocations=20 (full 0):
 garbage-first heap   total reserved 2097152K, committed 100352K, used 64288K [0x0000000080000000, 0x0000000100000000)
  region size 1024K, 2 young (2048K), 2 survivors (2048K)
 Metaspace       used 65876K, committed 67968K, reserved 491520K
  class space    used 9706K, committed 10688K, reserved 425984K
}
Event: 18.588 GC heap before
{Heap before GC invocations=21 (full 0):
 garbage-first heap   total reserved 2097152K, committed 107520K, used 91936K [0x0000000080000000, 0x0000000100000000)
  region size 1024K, 29 young (29696K), 2 survivors (2048K)
 Metaspace       used 67359K, committed 69440K, reserved 491520K
  class space    used 9908K, committed 10880K, reserved 425984K
}
Event: 18.592 GC heap after
{Heap after GC invocations=22 (full 0):
 garbage-first heap   total reserved 2097152K, committed 107520K, used 65253K [0x0000000080000000, 0x0000000100000000)
  region size 1024K, 3 young (3072K), 3 survivors (3072K)
 Metaspace       used 67359K, committed 69440K, reserved 491520K
  class space    used 9908K, committed 10880K, reserved 425984K
}
Event: 19.580 GC heap before
{Heap before GC invocations=22 (full 0):
 garbage-first heap   total reserved 2097152K, committed 107520K, used 96997K [0x0000000080000000, 0x0000000100000000)
  region size 1024K, 35 young (35840K), 3 survivors (3072K)
 Metaspace       used 68609K, committed 70720K, reserved 491520K
  class space    used 10074K, committed 11072K, reserved 425984K
}
Event: 19.589 GC heap after
{Heap after GC invocations=23 (full 0):
 garbage-first heap   total reserved 2097152K, committed 107520K, used 68682K [0x0000000080000000, 0x0000000100000000)
  region size 1024K, 5 young (5120K), 5 survivors (5120K)
 Metaspace       used 68609K, committed 70720K, reserved 491520K
  class space    used 10074K, committed 11072K, reserved 425984K
}
Event: 20.663 GC heap before
{Heap before GC invocations=23 (full 0):
 garbage-first heap   total reserved 2097152K, committed 107520K, used 95306K [0x0000000080000000, 0x0000000100000000)
  region size 1024K, 31 young (31744K), 5 survivors (5120K)
 Metaspace       used 70169K, committed 72256K, reserved 491520K
  class space    used 10301K, committed 11264K, reserved 425984K
}
Event: 20.672 GC heap after
{Heap after GC invocations=24 (full 0):
 garbage-first heap   total reserved 2097152K, committed 107520K, used 71757K [0x0000000080000000, 0x0000000100000000)
  region size 1024K, 4 young (4096K), 4 survivors (4096K)
 Metaspace       used 70169K, committed 72256K, reserved 491520K
  class space    used 10301K, committed 11264K, reserved 425984K
}
Event: 22.017 GC heap before
{Heap before GC invocations=25 (full 0):
 garbage-first heap   total reserved 2097152K, committed 121856K, used 94285K [0x0000000080000000, 0x0000000100000000)
  region size 1024K, 27 young (27648K), 4 survivors (4096K)
 Metaspace       used 72105K, committed 74304K, reserved 491520K
  class space    used 10577K, committed 11648K, reserved 425984K
}
Event: 22.023 GC heap after
{Heap after GC invocations=26 (full 0):
 garbage-first heap   total reserved 2097152K, committed 121856K, used 73724K [0x0000000080000000, 0x0000000100000000)
  region size 1024K, 3 young (3072K), 3 survivors (3072K)
 Metaspace       used 72105K, committed 74304K, reserved 491520K
  class space    used 10577K, committed 11648K, reserved 425984K
}
Event: 25.897 GC heap before
{Heap before GC invocations=26 (full 0):
 garbage-first heap   total reserved 2097152K, committed 121856K, used 109564K [0x0000000080000000, 0x0000000100000000)
  region size 1024K, 38 young (38912K), 3 survivors (3072K)
 Metaspace       used 74412K, committed 76608K, reserved 491520K
  class space    used 11002K, committed 12032K, reserved 425984K
}
Event: 25.905 GC heap after
{Heap after GC invocations=27 (full 0):
 garbage-first heap   total reserved 2097152K, committed 121856K, used 76440K [0x0000000080000000, 0x0000000100000000)
  region size 1024K, 5 young (5120K), 5 survivors (5120K)
 Metaspace       used 74412K, committed 76608K, reserved 491520K
  class space    used 11002K, committed 12032K, reserved 425984K
}
Event: 26.234 GC heap before
{Heap before GC invocations=27 (full 0):
 garbage-first heap   total reserved 2097152K, committed 121856K, used 95896K [0x0000000080000000, 0x0000000100000000)
  region size 1024K, 26 young (26624K), 5 survivors (5120K)
 Metaspace       used 74844K, committed 77056K, reserved 491520K
  class space    used 11051K, committed 12096K, reserved 425984K
}
Event: 26.241 GC heap after
{Heap after GC invocations=28 (full 0):
 garbage-first heap   total reserved 2097152K, committed 121856K, used 81368K [0x0000000080000000, 0x0000000100000000)
  region size 1024K, 5 young (5120K), 5 survivors (5120K)
 Metaspace       used 74844K, committed 77056K, reserved 491520K
  class space    used 11051K, committed 12096K, reserved 425984K
}
Event: 26.852 GC heap before
{Heap before GC invocations=29 (full 0):
 garbage-first heap   total reserved 2097152K, committed 138240K, used 107992K [0x0000000080000000, 0x0000000100000000)
  region size 1024K, 31 young (31744K), 5 survivors (5120K)
 Metaspace       used 75999K, committed 78272K, reserved 557056K
  class space    used 11191K, committed 12288K, reserved 425984K
}
Event: 26.857 GC heap after
{Heap after GC invocations=30 (full 0):
 garbage-first heap   total reserved 2097152K, committed 138240K, used 82362K [0x0000000080000000, 0x0000000100000000)
  region size 1024K, 4 young (4096K), 4 survivors (4096K)
 Metaspace       used 75999K, committed 78272K, reserved 557056K
  class space    used 11191K, committed 12288K, reserved 425984K
}
Event: 27.264 GC heap before
{Heap before GC invocations=30 (full 0):
 garbage-first heap   total reserved 2097152K, committed 138240K, used 120250K [0x0000000080000000, 0x0000000100000000)
  region size 1024K, 42 young (43008K), 4 survivors (4096K)
 Metaspace       used 76376K, committed 78656K, reserved 557056K
  class space    used 11197K, committed 12288K, reserved 425984K
}
Event: 27.272 GC heap after
{Heap after GC invocations=31 (full 0):
 garbage-first heap   total reserved 2097152K, committed 138240K, used 85991K [0x0000000080000000, 0x0000000100000000)
  region size 1024K, 6 young (6144K), 6 survivors (6144K)
 Metaspace       used 76376K, committed 78656K, reserved 557056K
  class space    used 11197K, committed 12288K, reserved 425984K
}
Event: 27.471 GC heap before
{Heap before GC invocations=31 (full 0):
 garbage-first heap   total reserved 2097152K, committed 138240K, used 121831K [0x0000000080000000, 0x0000000100000000)
  region size 1024K, 42 young (43008K), 6 survivors (6144K)
 Metaspace       used 76424K, committed 78720K, reserved 557056K
  class space    used 11197K, committed 12288K, reserved 425984K
}
Event: 27.478 GC heap after
{Heap after GC invocations=32 (full 0):
 garbage-first heap   total reserved 2097152K, committed 138240K, used 87648K [0x0000000080000000, 0x0000000100000000)
  region size 1024K, 4 young (4096K), 4 survivors (4096K)
 Metaspace       used 76424K, committed 78720K, reserved 557056K
  class space    used 11197K, committed 12288K, reserved 425984K
}

