# JRE version: Java(TM) SE Runtime Environment (23.0.2+7) (build 23.0.2+7-58)
# Java VM: Java HotSpot(TM) 64-Bit Server VM (23.0.2+7-58, mixed mode, sharing, tiered, compressed oops, compressed class ptrs, g1 gc, windows-amd64)
GC Precious Log:
 CardTable entry size: 512
 Card Set container configuration: InlinePtr #cards 5 size 8 Array Of Cards #cards 10 size 36 Howl #buckets 4 coarsen threshold 1843 Howl Bitmap #cards 512 size 80 coarsen threshold 460 Card regions per heap region 1 cards per card region 2048
 CPUs: 8 total, 8 available
 Memory: 7941M
 Large Page Support: Disabled
 NUMA Support: Disabled
 Compressed Oops: Enabled (32-bit)
 Heap Region Size: 1M
 Heap Min Capacity: 8M
 Heap Initial Capacity: 126M
 Heap Max Capacity: 1986M
 Pre-touch: Disabled
 Parallel Workers: 8
 Concurrent Workers: 2
 Concurrent Refinement Workers: 8
 Periodic GC: Disabled
Heap:
 garbage-first heap   total reserved 2033664K, committed 167936K, used 89037K [0x0000000083e00000, 0x0000000100000000)
  region size 1024K, 25 young (25600K), 4 survivors (4096K)
 Metaspace       used 49113K, committed 49920K, reserved 1114112K
  class space    used 6028K, committed 6400K, reserved 1048576K
GC Heap History (20 events):
Event: 9.361 GC heap before
{Heap before GC invocations=9 (full 0):
 garbage-first heap   total reserved 2033664K, committed 63488K, used 52589K [0x0000000083e00000, 0x0000000100000000)
  region size 1024K, 24 young (24576K), 4 survivors (4096K)
 Metaspace       used 43201K, committed 44032K, reserved 1114112K
  class space    used 5542K, committed 5952K, reserved 1048576K
}
Event: 9.381 GC heap after
{Heap after GC invocations=10 (full 0):
 garbage-first heap   total reserved 2033664K, committed 63488K, used 35584K [0x0000000083e00000, 0x0000000100000000)
  region size 1024K, 3 young (3072K), 3 survivors (3072K)
 Metaspace       used 43201K, committed 44032K, reserved 1114112K
  class space    used 5542K, committed 5952K, reserved 1048576K
}
Event: 9.530 GC heap before
{Heap before GC invocations=10 (full 0):
 garbage-first heap   total reserved 2033664K, committed 63488K, used 54016K [0x0000000083e00000, 0x0000000100000000)
  region size 1024K, 21 young (21504K), 3 survivors (3072K)
 Metaspace       used 43272K, committed 44096K, reserved 1114112K
  class space    used 5542K, committed 5952K, reserved 1048576K
}
Event: 9.540 GC heap after
{Heap after GC invocations=11 (full 0):
 garbage-first heap   total reserved 2033664K, committed 76800K, used 37159K [0x0000000083e00000, 0x0000000100000000)
  region size 1024K, 2 young (2048K), 2 survivors (2048K)
 Metaspace       used 43272K, committed 44096K, reserved 1114112K
  class space    used 5542K, committed 5952K, reserved 1048576K
}
Event: 11.057 GC heap before
{Heap before GC invocations=12 (full 0):
 garbage-first heap   total reserved 2033664K, committed 76800K, used 63783K [0x0000000083e00000, 0x0000000100000000)
  region size 1024K, 28 young (28672K), 2 survivors (2048K)
 Metaspace       used 46041K, committed 46848K, reserved 1114112K
  class space    used 5808K, committed 6208K, reserved 1048576K
}
Event: 11.071 GC heap after
{Heap after GC invocations=13 (full 0):
 garbage-first heap   total reserved 2033664K, committed 76800K, used 41209K [0x0000000083e00000, 0x0000000100000000)
  region size 1024K, 4 young (4096K), 4 survivors (4096K)
 Metaspace       used 46041K, committed 46848K, reserved 1114112K
  class space    used 5808K, committed 6208K, reserved 1048576K
}
Event: 12.223 GC heap before
{Heap before GC invocations=13 (full 0):
 garbage-first heap   total reserved 2033664K, committed 76800K, used 63737K [0x0000000083e00000, 0x0000000100000000)
  region size 1024K, 27 young (27648K), 4 survivors (4096K)
 Metaspace       used 47432K, committed 48192K, reserved 1114112K
  class space    used 5877K, committed 6272K, reserved 1048576K
}
Event: 12.251 GC heap after
{Heap after GC invocations=14 (full 0):
 garbage-first heap   total reserved 2033664K, committed 76800K, used 45355K [0x0000000083e00000, 0x0000000100000000)
  region size 1024K, 4 young (4096K), 4 survivors (4096K)
 Metaspace       used 47432K, committed 48192K, reserved 1114112K
  class space    used 5877K, committed 6272K, reserved 1048576K
}
Event: 12.939 GC heap before
{Heap before GC invocations=14 (full 0):
 garbage-first heap   total reserved 2033664K, committed 76800K, used 65835K [0x0000000083e00000, 0x0000000100000000)
  region size 1024K, 24 young (24576K), 4 survivors (4096K)
 Metaspace       used 48173K, committed 49024K, reserved 1114112K
  class space    used 5932K, committed 6336K, reserved 1048576K
}
Event: 12.961 GC heap after
{Heap after GC invocations=15 (full 0):
 garbage-first heap   total reserved 2033664K, committed 76800K, used 49513K [0x0000000083e00000, 0x0000000100000000)
  region size 1024K, 3 young (3072K), 3 survivors (3072K)
 Metaspace       used 48173K, committed 49024K, reserved 1114112K
  class space    used 5932K, committed 6336K, reserved 1048576K
}
Event: 13.345 GC heap before
{Heap before GC invocations=16 (full 0):
 garbage-first heap   total reserved 2033664K, committed 83968K, used 66921K [0x0000000083e00000, 0x0000000100000000)
  region size 1024K, 20 young (20480K), 3 survivors (3072K)
 Metaspace       used 48235K, committed 49088K, reserved 1114112K
  class space    used 5934K, committed 6336K, reserved 1048576K
}
Event: 13.364 GC heap after
{Heap after GC invocations=17 (full 0):
 garbage-first heap   total reserved 2033664K, committed 83968K, used 53091K [0x0000000083e00000, 0x0000000100000000)
  region size 1024K, 3 young (3072K), 3 survivors (3072K)
 Metaspace       used 48235K, committed 49088K, reserved 1114112K
  class space    used 5934K, committed 6336K, reserved 1048576K
}
Event: 13.668 GC heap before
{Heap before GC invocations=17 (full 0):
 garbage-first heap   total reserved 2033664K, committed 83968K, used 73571K [0x0000000083e00000, 0x0000000100000000)
  region size 1024K, 23 young (23552K), 3 survivors (3072K)
 Metaspace       used 48434K, committed 49216K, reserved 1114112K
  class space    used 5963K, committed 6336K, reserved 1048576K
}
Event: 13.692 GC heap after
{Heap after GC invocations=18 (full 0):
 garbage-first heap   total reserved 2033664K, committed 83968K, used 56619K [0x0000000083e00000, 0x0000000100000000)
  region size 1024K, 3 young (3072K), 3 survivors (3072K)
 Metaspace       used 48434K, committed 49216K, reserved 1114112K
  class space    used 5963K, committed 6336K, reserved 1048576K
}
Event: 14.186 GC heap before
{Heap before GC invocations=18 (full 0):
 garbage-first heap   total reserved 2033664K, committed 83968K, used 74027K [0x0000000083e00000, 0x0000000100000000)
  region size 1024K, 20 young (20480K), 3 survivors (3072K)
 Metaspace       used 48882K, committed 49664K, reserved 1114112K
  class space    used 6020K, committed 6400K, reserved 1048576K
}
Event: 14.203 GC heap after
{Heap after GC invocations=19 (full 0):
 garbage-first heap   total reserved 2033664K, committed 83968K, used 60123K [0x0000000083e00000, 0x0000000100000000)
  region size 1024K, 3 young (3072K), 3 survivors (3072K)
 Metaspace       used 48882K, committed 49664K, reserved 1114112K
  class space    used 6020K, committed 6400K, reserved 1048576K
}
Event: 14.526 GC heap before
{Heap before GC invocations=20 (full 0):
 garbage-first heap   total reserved 2033664K, committed 101376K, used 74459K [0x0000000083e00000, 0x0000000100000000)
  region size 1024K, 17 young (17408K), 3 survivors (3072K)
 Metaspace       used 48945K, committed 49728K, reserved 1114112K
  class space    used 6024K, committed 6400K, reserved 1048576K
}
Event: 14.543 GC heap after
{Heap after GC invocations=21 (full 0):
 garbage-first heap   total reserved 2033664K, committed 101376K, used 62938K [0x0000000083e00000, 0x0000000100000000)
  region size 1024K, 3 young (3072K), 3 survivors (3072K)
 Metaspace       used 48945K, committed 49728K, reserved 1114112K
  class space    used 6024K, committed 6400K, reserved 1048576K
}
Event: 14.880 GC heap before
{Heap before GC invocations=21 (full 0):
 garbage-first heap   total reserved 2033664K, committed 101376K, used 88538K [0x0000000083e00000, 0x0000000100000000)
  region size 1024K, 28 young (28672K), 3 survivors (3072K)
 Metaspace       used 49015K, committed 49792K, reserved 1114112K
  class space    used 6025K, committed 6400K, reserved 1048576K
}
Event: 14.901 GC heap after
{Heap after GC invocations=22 (full 0):
 garbage-first heap   total reserved 2033664K, committed 167936K, used 66509K [0x0000000083e00000, 0x0000000100000000)
  region size 1024K, 4 young (4096K), 4 survivors (4096K)
 Metaspace       used 49015K, committed 49792K, reserved 1114112K
  class space    used 6025K, committed 6400K, reserved 1048576K
}

