# JRE version: Java(TM) SE Runtime Environment (23.0.2+7) (build 23.0.2+7-58)
# Java VM: Java HotSpot(TM) 64-Bit Server VM (23.0.2+7-58, mixed mode, sharing, tiered, compressed oops, compressed class ptrs, g1 gc, windows-amd64)
GC Precious Log:
 CardTable entry size: 512
 Card Set container configuration: InlinePtr #cards 5 size 8 Array Of Cards #cards 10 size 36 Howl #buckets 4 coarsen threshold 1843 Howl Bitmap #cards 512 size 80 coarsen threshold 460 Card regions per heap region 1 cards per card region 2048
 CPUs: 8 total, 8 available
 Memory: 7941M
 Large Page Support: Disabled
 NUMA Support: Disabled
 Compressed Oops: Enabled (32-bit)
 Heap Region Size: 1M
 Heap Min Capacity: 8M
 Heap Initial Capacity: 126M
 Heap Max Capacity: 1986M
 Pre-touch: Disabled
 Parallel Workers: 8
 Concurrent Workers: 2
 Concurrent Refinement Workers: 8
 Periodic GC: Disabled
Heap:
 garbage-first heap   total reserved 2033664K, committed 92160K, used 54464K [0x0000000083e00000, 0x0000000100000000)
  region size 1024K, 8 young (8192K), 3 survivors (3072K)
 Metaspace       used 52716K, committed 53440K, reserved 1114112K
  class space    used 6489K, committed 6848K, reserved 1048576K
GC Heap History (20 events):
Event: 6.952 GC heap before
{Heap before GC invocations=5 (full 0):
 garbage-first heap   total reserved 2033664K, committed 63488K, used 45783K [0x0000000083e00000, 0x0000000100000000)
  region size 1024K, 31 young (31744K), 4 survivors (4096K)
 Metaspace       used 33600K, committed 34368K, reserved 1114112K
  class space    used 4401K, committed 4736K, reserved 1048576K
}
Event: 6.963 GC heap after
{Heap after GC invocations=6 (full 0):
 garbage-first heap   total reserved 2033664K, committed 63488K, used 20279K [0x0000000083e00000, 0x0000000100000000)
  region size 1024K, 3 young (3072K), 3 survivors (3072K)
 Metaspace       used 33600K, committed 34368K, reserved 1114112K
  class space    used 4401K, committed 4736K, reserved 1048576K
}
Event: 7.221 GC heap before
{Heap before GC invocations=6 (full 0):
 garbage-first heap   total reserved 2033664K, committed 63488K, used 31543K [0x0000000083e00000, 0x0000000100000000)
  region size 1024K, 13 young (13312K), 3 survivors (3072K)
 Metaspace       used 35271K, committed 35968K, reserved 1114112K
  class space    used 4604K, committed 4928K, reserved 1048576K
}
Event: 7.227 GC heap after
{Heap after GC invocations=7 (full 0):
 garbage-first heap   total reserved 2033664K, committed 63488K, used 23956K [0x0000000083e00000, 0x0000000100000000)
  region size 1024K, 2 young (2048K), 2 survivors (2048K)
 Metaspace       used 35271K, committed 35968K, reserved 1114112K
  class space    used 4604K, committed 4928K, reserved 1048576K
}
Event: 7.985 GC heap before
{Heap before GC invocations=8 (full 0):
 garbage-first heap   total reserved 2033664K, committed 63488K, used 51604K [0x0000000083e00000, 0x0000000100000000)
  region size 1024K, 28 young (28672K), 2 survivors (2048K)
 Metaspace       used 41302K, committed 42048K, reserved 1114112K
  class space    used 5454K, committed 5824K, reserved 1048576K
}
Event: 7.994 GC heap after
{Heap after GC invocations=9 (full 0):
 garbage-first heap   total reserved 2033664K, committed 63488K, used 26515K [0x0000000083e00000, 0x0000000100000000)
  region size 1024K, 4 young (4096K), 4 survivors (4096K)
 Metaspace       used 41302K, committed 42048K, reserved 1114112K
  class space    used 5454K, committed 5824K, reserved 1048576K
}
Event: 8.407 GC heap before
{Heap before GC invocations=9 (full 0):
 garbage-first heap   total reserved 2033664K, committed 63488K, used 52115K [0x0000000083e00000, 0x0000000100000000)
  region size 1024K, 29 young (29696K), 4 survivors (4096K)
 Metaspace       used 41997K, committed 42752K, reserved 1114112K
  class space    used 5532K, committed 5888K, reserved 1048576K
}
Event: 8.423 GC heap after
{Heap after GC invocations=10 (full 0):
 garbage-first heap   total reserved 2033664K, committed 63488K, used 28500K [0x0000000083e00000, 0x0000000100000000)
  region size 1024K, 2 young (2048K), 2 survivors (2048K)
 Metaspace       used 41997K, committed 42752K, reserved 1114112K
  class space    used 5532K, committed 5888K, reserved 1048576K
}
Event: 9.371 GC heap before
{Heap before GC invocations=10 (full 0):
 garbage-first heap   total reserved 2033664K, committed 63488K, used 53076K [0x0000000083e00000, 0x0000000100000000)
  region size 1024K, 26 young (26624K), 2 survivors (2048K)
 Metaspace       used 44832K, committed 45568K, reserved 1114112K
  class space    used 5828K, committed 6208K, reserved 1048576K
}
Event: 9.385 GC heap after
{Heap after GC invocations=11 (full 0):
 garbage-first heap   total reserved 2033664K, committed 76800K, used 31468K [0x0000000083e00000, 0x0000000100000000)
  region size 1024K, 4 young (4096K), 4 survivors (4096K)
 Metaspace       used 44832K, committed 45568K, reserved 1114112K
  class space    used 5828K, committed 6208K, reserved 1048576K
}
Event: 10.874 GC heap before
{Heap before GC invocations=11 (full 0):
 garbage-first heap   total reserved 2033664K, committed 76800K, used 63212K [0x0000000083e00000, 0x0000000100000000)
  region size 1024K, 35 young (35840K), 4 survivors (4096K)
 Metaspace       used 46719K, committed 47488K, reserved 1114112K
  class space    used 5963K, committed 6336K, reserved 1048576K
}
Event: 10.898 GC heap after
{Heap after GC invocations=12 (full 0):
 garbage-first heap   total reserved 2033664K, committed 76800K, used 37445K [0x0000000083e00000, 0x0000000100000000)
  region size 1024K, 5 young (5120K), 5 survivors (5120K)
 Metaspace       used 46719K, committed 47488K, reserved 1114112K
  class space    used 5963K, committed 6336K, reserved 1048576K
}
Event: 11.637 GC heap before
{Heap before GC invocations=12 (full 0):
 garbage-first heap   total reserved 2033664K, committed 76800K, used 65093K [0x0000000083e00000, 0x0000000100000000)
  region size 1024K, 32 young (32768K), 5 survivors (5120K)
 Metaspace       used 47230K, committed 48000K, reserved 1114112K
  class space    used 6010K, committed 6400K, reserved 1048576K
}
Event: 11.661 GC heap after
{Heap after GC invocations=13 (full 0):
 garbage-first heap   total reserved 2033664K, committed 76800K, used 42870K [0x0000000083e00000, 0x0000000100000000)
  region size 1024K, 4 young (4096K), 4 survivors (4096K)
 Metaspace       used 47230K, committed 48000K, reserved 1114112K
  class space    used 6010K, committed 6400K, reserved 1048576K
}
Event: 12.349 GC heap before
{Heap before GC invocations=13 (full 0):
 garbage-first heap   total reserved 2033664K, committed 76800K, used 66422K [0x0000000083e00000, 0x0000000100000000)
  region size 1024K, 27 young (27648K), 4 survivors (4096K)
 Metaspace       used 48743K, committed 49472K, reserved 1114112K
  class space    used 6173K, committed 6528K, reserved 1048576K
}
Event: 12.365 GC heap after
{Heap after GC invocations=14 (full 0):
 garbage-first heap   total reserved 2033664K, committed 76800K, used 45568K [0x0000000083e00000, 0x0000000100000000)
  region size 1024K, 2 young (2048K), 2 survivors (2048K)
 Metaspace       used 48743K, committed 49472K, reserved 1114112K
  class space    used 6173K, committed 6528K, reserved 1048576K
}
Event: 13.662 GC heap before
{Heap before GC invocations=15 (full 0):
 garbage-first heap   total reserved 2033664K, committed 76800K, used 66048K [0x0000000083e00000, 0x0000000100000000)
  region size 1024K, 23 young (23552K), 2 survivors (2048K)
 Metaspace       used 51087K, committed 51840K, reserved 1114112K
  class space    used 6414K, committed 6784K, reserved 1048576K
}
Event: 13.677 GC heap after
{Heap after GC invocations=16 (full 0):
 garbage-first heap   total reserved 2033664K, committed 76800K, used 48480K [0x0000000083e00000, 0x0000000100000000)
  region size 1024K, 3 young (3072K), 3 survivors (3072K)
 Metaspace       used 51087K, committed 51840K, reserved 1114112K
  class space    used 6414K, committed 6784K, reserved 1048576K
}
Event: 14.898 GC heap before
{Heap before GC invocations=16 (full 0):
 garbage-first heap   total reserved 2033664K, committed 76800K, used 67936K [0x0000000083e00000, 0x0000000100000000)
  region size 1024K, 22 young (22528K), 3 survivors (3072K)
 Metaspace       used 52480K, committed 53248K, reserved 1114112K
  class space    used 6481K, committed 6848K, reserved 1048576K
}
Event: 14.914 GC heap after
{Heap after GC invocations=17 (full 0):
 garbage-first heap   total reserved 2033664K, committed 92160K, used 50368K [0x0000000083e00000, 0x0000000100000000)
  region size 1024K, 3 young (3072K), 3 survivors (3072K)
 Metaspace       used 52480K, committed 53248K, reserved 1114112K
  class space    used 6481K, committed 6848K, reserved 1048576K
}

